<?xml version="1.0" encoding="UTF-8"?>
<coverage generated="1704583890190" clover="3.2.0">
  <project timestamp="1704583890191" name="All files">
    <metrics statements="297" coveredstatements="226" conditionals="48" coveredconditionals="25" methods="53" coveredmethods="35" elements="398" coveredelements="286" complexity="0" loc="297" ncloc="297" packages="13" files="14" classes="14"/>
    <package name="src">
      <metrics statements="65" coveredstatements="50" conditionals="7" coveredconditionals="3" methods="6" coveredmethods="3"/>
      <file name="App.tsx" path="H:\graphiql-app\graphiql-app\graphiql-app\src\App.tsx">
        <metrics statements="23" coveredstatements="20" conditionals="3" coveredconditionals="1" methods="2" coveredmethods="1"/>
        <line num="1" count="4" type="stmt"/>
        <line num="2" count="4" type="stmt"/>
        <line num="3" count="4" type="stmt"/>
        <line num="9" count="4" type="stmt"/>
        <line num="10" count="4" type="stmt"/>
        <line num="11" count="4" type="stmt"/>
        <line num="12" count="4" type="stmt"/>
        <line num="13" count="4" type="stmt"/>
        <line num="14" count="4" type="stmt"/>
        <line num="15" count="4" type="stmt"/>
        <line num="16" count="4" type="stmt"/>
        <line num="17" count="4" type="stmt"/>
        <line num="18" count="4" type="stmt"/>
        <line num="19" count="4" type="stmt"/>
        <line num="21" count="4" type="stmt"/>
        <line num="22" count="3" type="stmt"/>
        <line num="24" count="2" type="stmt"/>
        <line num="25" count="2" type="cond" truecount="1" falsecount="0"/>
        <line num="26" count="2" type="stmt"/>
        <line num="29" count="0" type="stmt"/>
        <line num="30" count="0" type="stmt"/>
        <line num="44" count="0" type="stmt"/>
        <line num="55" count="4" type="stmt"/>
      </file>
      <file name="main.tsx" path="H:\graphiql-app\graphiql-app\graphiql-app\src\main.tsx">
        <metrics statements="42" coveredstatements="30" conditionals="4" coveredconditionals="2" methods="4" coveredmethods="2"/>
        <line num="1" count="4" type="stmt"/>
        <line num="2" count="4" type="stmt"/>
        <line num="3" count="4" type="stmt"/>
        <line num="4" count="4" type="stmt"/>
        <line num="10" count="4" type="stmt"/>
        <line num="19" count="4" type="stmt"/>
        <line num="20" count="4" type="stmt"/>
        <line num="26" count="4" type="stmt"/>
        <line num="28" count="4" type="stmt"/>
        <line num="30" count="4" type="stmt"/>
        <line num="34" count="4" type="stmt"/>
        <line num="35" count="26" type="stmt"/>
        <line num="36" count="26" type="cond" truecount="0" falsecount="1"/>
        <line num="37" count="0" type="stmt"/>
        <line num="39" count="26" type="stmt"/>
        <line num="42" count="4" type="stmt"/>
        <line num="43" count="2" type="stmt"/>
        <line num="44" count="2" type="stmt"/>
        <line num="48" count="2" type="stmt"/>
        <line num="49" count="0" type="stmt"/>
        <line num="52" count="2" type="stmt"/>
        <line num="67" count="4" type="stmt"/>
        <line num="76" count="4" type="stmt"/>
        <line num="77" count="4" type="stmt"/>
        <line num="78" count="4" type="stmt"/>
        <line num="79" count="4" type="stmt"/>
        <line num="80" count="4" type="stmt"/>
        <line num="81" count="0" type="stmt"/>
        <line num="82" count="0" type="stmt"/>
        <line num="83" count="0" type="stmt"/>
        <line num="84" count="0" type="stmt"/>
        <line num="85" count="0" type="stmt"/>
        <line num="86" count="0" type="cond" truecount="0" falsecount="1"/>
        <line num="87" count="0" type="stmt"/>
        <line num="95" count="0" type="stmt"/>
        <line num="96" count="0" type="stmt"/>
        <line num="97" count="0" type="stmt"/>
        <line num="100" count="4" type="stmt"/>
        <line num="101" count="4" type="stmt"/>
        <line num="103" count="4" type="cond" truecount="2" falsecount="0"/>
        <line num="105" count="4" type="stmt"/>
        <line num="106" count="4" type="stmt"/>
      </file>
    </package>
    <package name="src.components.documentation">
      <metrics statements="16" coveredstatements="16" conditionals="1" coveredconditionals="1" methods="4" coveredmethods="4"/>
      <file name="Documentation.tsx" path="H:\graphiql-app\graphiql-app\graphiql-app\src\components\documentation\Documentation.tsx">
        <metrics statements="16" coveredstatements="16" conditionals="1" coveredconditionals="1" methods="4" coveredmethods="4"/>
        <line num="1" count="6" type="stmt"/>
        <line num="2" count="6" type="stmt"/>
        <line num="8" count="6" type="stmt"/>
        <line num="9" count="3" type="stmt"/>
        <line num="11" count="3" type="stmt"/>
        <line num="12" count="2" type="cond" truecount="1" falsecount="0"/>
        <line num="13" count="2" type="stmt"/>
        <line num="14" count="2" type="stmt"/>
        <line num="15" count="2" type="stmt"/>
        <line num="32" count="1" type="stmt"/>
        <line num="33" count="1" type="stmt"/>
        <line num="35" count="1" type="stmt"/>
        <line num="38" count="2" type="stmt"/>
        <line num="42" count="3" type="stmt"/>
        <line num="45" count="2" type="stmt"/>
        <line num="49" count="6" type="stmt"/>
      </file>
    </package>
    <package name="src.components.footer">
      <metrics statements="4" coveredstatements="4" conditionals="0" coveredconditionals="0" methods="1" coveredmethods="1"/>
      <file name="Footer.tsx" path="H:\graphiql-app\graphiql-app\graphiql-app\src\components\footer\Footer.tsx">
        <metrics statements="4" coveredstatements="4" conditionals="0" coveredconditionals="0" methods="1" coveredmethods="1"/>
        <line num="3" count="5" type="stmt"/>
        <line num="5" count="5" type="stmt"/>
        <line num="6" count="2" type="stmt"/>
        <line num="42" count="5" type="stmt"/>
      </file>
    </package>
    <package name="src.components.header">
      <metrics statements="19" coveredstatements="17" conditionals="4" coveredconditionals="2" methods="3" coveredmethods="2"/>
      <file name="Header.tsx" path="H:\graphiql-app\graphiql-app\graphiql-app\src\components\header\Header.tsx">
        <metrics statements="19" coveredstatements="17" conditionals="4" coveredconditionals="2" methods="3" coveredmethods="2"/>
        <line num="1" count="4" type="stmt"/>
        <line num="2" count="4" type="stmt"/>
        <line num="3" count="4" type="stmt"/>
        <line num="9" count="4" type="stmt"/>
        <line num="10" count="4" type="stmt"/>
        <line num="11" count="4" type="stmt"/>
        <line num="12" count="4" type="stmt"/>
        <line num="14" count="4" type="stmt"/>
        <line num="15" count="7" type="stmt"/>
        <line num="16" count="6" type="stmt"/>
        <line num="17" count="6" type="stmt"/>
        <line num="19" count="6" type="stmt"/>
        <line num="20" count="6" type="stmt"/>
        <line num="21" count="3" type="cond" truecount="1" falsecount="0"/>
        <line num="22" count="3" type="stmt"/>
        <line num="24" count="0" type="cond" truecount="0" falsecount="1"/>
        <line num="26" count="6" type="stmt"/>
        <line num="51" count="0" type="stmt"/>
        <line num="82" count="4" type="stmt"/>
      </file>
    </package>
    <package name="src.components.loader">
      <metrics statements="4" coveredstatements="4" conditionals="0" coveredconditionals="0" methods="1" coveredmethods="1"/>
      <file name="Loader.tsx" path="H:\graphiql-app\graphiql-app\graphiql-app\src\components\loader\Loader.tsx">
        <metrics statements="4" coveredstatements="4" conditionals="0" coveredconditionals="0" methods="1" coveredmethods="1"/>
        <line num="2" count="5" type="stmt"/>
        <line num="4" count="5" type="stmt"/>
        <line num="5" count="3" type="stmt"/>
        <line num="11" count="5" type="stmt"/>
      </file>
    </package>
    <package name="src.components.localization">
      <metrics statements="15" coveredstatements="11" conditionals="2" coveredconditionals="2" methods="5" coveredmethods="2"/>
      <file name="Languages.tsx" path="H:\graphiql-app\graphiql-app\graphiql-app\src\components\localization\Languages.tsx">
        <metrics statements="15" coveredstatements="11" conditionals="2" coveredconditionals="2" methods="5" coveredmethods="2"/>
        <line num="1" count="5" type="stmt"/>
        <line num="2" count="5" type="stmt"/>
        <line num="3" count="5" type="stmt"/>
        <line num="7" count="5" type="stmt"/>
        <line num="8" count="10" type="stmt"/>
        <line num="9" count="10" type="stmt"/>
        <line num="10" count="10" type="stmt"/>
        <line num="11" count="2" type="stmt"/>
        <line num="13" count="10" type="stmt"/>
        <line num="14" count="0" type="stmt"/>
        <line num="15" count="0" type="stmt"/>
        <line num="18" count="10" type="stmt"/>
        <line num="26" count="0" type="stmt"/>
        <line num="32" count="0" type="stmt"/>
        <line num="43" count="5" type="stmt"/>
      </file>
    </package>
    <package name="src.components.login">
      <metrics statements="21" coveredstatements="21" conditionals="2" coveredconditionals="2" methods="5" coveredmethods="5"/>
      <file name="Login.tsx" path="H:\graphiql-app\graphiql-app\graphiql-app\src\components\login\Login.tsx">
        <metrics statements="21" coveredstatements="21" conditionals="2" coveredconditionals="2" methods="5" coveredmethods="5"/>
        <line num="1" count="4" type="stmt"/>
        <line num="2" count="4" type="stmt"/>
        <line num="3" count="4" type="stmt"/>
        <line num="4" count="4" type="stmt"/>
        <line num="6" count="4" type="stmt"/>
        <line num="7" count="8" type="stmt"/>
        <line num="8" count="8" type="stmt"/>
        <line num="9" count="8" type="stmt"/>
        <line num="10" count="8" type="stmt"/>
        <line num="12" count="8" type="stmt"/>
        <line num="13" count="8" type="stmt"/>
        <line num="14" count="1" type="stmt"/>
        <line num="15" count="1" type="stmt"/>
        <line num="17" count="1" type="stmt"/>
        <line num="18" count="1" type="stmt"/>
        <line num="19" count="1" type="stmt"/>
        <line num="23" count="8" type="stmt"/>
        <line num="38" count="2" type="stmt"/>
        <line num="52" count="2" type="stmt"/>
        <line num="62" count="1" type="stmt"/>
        <line num="73" count="4" type="stmt"/>
      </file>
    </package>
    <package name="src.components.registration">
      <metrics statements="51" coveredstatements="39" conditionals="1" coveredconditionals="0" methods="13" coveredmethods="7"/>
      <file name="Register.tsx" path="H:\graphiql-app\graphiql-app\graphiql-app\src\components\registration\Register.tsx">
        <metrics statements="51" coveredstatements="39" conditionals="1" coveredconditionals="0" methods="13" coveredmethods="7"/>
        <line num="1" count="4" type="stmt"/>
        <line num="2" count="4" type="stmt"/>
        <line num="3" count="4" type="stmt"/>
        <line num="4" count="4" type="stmt"/>
        <line num="5" count="4" type="stmt"/>
        <line num="6" count="4" type="stmt"/>
        <line num="7" count="4" type="stmt"/>
        <line num="8" count="4" type="stmt"/>
        <line num="10" count="4" type="stmt"/>
        <line num="11" count="4" type="stmt"/>
        <line num="13" count="4" type="stmt"/>
        <line num="14" count="5" type="stmt"/>
        <line num="15" count="5" type="stmt"/>
        <line num="16" count="5" type="stmt"/>
        <line num="21" count="5" type="stmt"/>
        <line num="22" count="5" type="stmt"/>
        <line num="23" count="5" type="stmt"/>
        <line num="25" count="5" type="stmt"/>
        <line num="26" count="5" type="stmt"/>
        <line num="27" count="0" type="stmt"/>
        <line num="30" count="5" type="stmt"/>
        <line num="31" count="1" type="stmt"/>
        <line num="32" count="1" type="stmt"/>
        <line num="34" count="5" type="stmt"/>
        <line num="35" count="1" type="stmt"/>
        <line num="36" count="1" type="stmt"/>
        <line num="39" count="5" type="stmt"/>
        <line num="40" count="1" type="stmt"/>
        <line num="41" count="1" type="stmt"/>
        <line num="43" count="5" type="stmt"/>
        <line num="44" count="3" type="stmt"/>
        <line num="47" count="3" type="stmt"/>
        <line num="50" count="0" type="stmt"/>
        <line num="54" count="5" type="stmt"/>
        <line num="59" count="0" type="stmt"/>
        <line num="60" count="0" type="stmt"/>
        <line num="65" count="0" type="stmt"/>
        <line num="66" count="0" type="stmt"/>
        <line num="74" count="0" type="stmt"/>
        <line num="75" count="0" type="stmt"/>
        <line num="76" count="0" type="stmt"/>
        <line num="77" count="0" type="stmt"/>
        <line num="80" count="5" type="stmt"/>
        <line num="81" count="0" type="cond" truecount="0" falsecount="1"/>
        <line num="82" count="0" type="stmt"/>
        <line num="85" count="5" type="stmt"/>
        <line num="86" count="20" type="stmt"/>
        <line num="89" count="5" type="stmt"/>
        <line num="121" count="5" type="stmt"/>
        <line num="123" count="5" type="stmt"/>
        <line num="196" count="4" type="stmt"/>
      </file>
    </package>
    <package name="src.components.response">
      <metrics statements="4" coveredstatements="4" conditionals="0" coveredconditionals="0" methods="1" coveredmethods="1"/>
      <file name="Response.tsx" path="H:\graphiql-app\graphiql-app\graphiql-app\src\components\response\Response.tsx">
        <metrics statements="4" coveredstatements="4" conditionals="0" coveredconditionals="0" methods="1" coveredmethods="1"/>
        <line num="2" count="6" type="stmt"/>
        <line num="7" count="6" type="stmt"/>
        <line num="8" count="11" type="stmt"/>
        <line num="14" count="6" type="stmt"/>
      </file>
    </package>
    <package name="src.pages.main">
      <metrics statements="85" coveredstatements="47" conditionals="31" coveredconditionals="15" methods="12" coveredmethods="7"/>
      <file name="Main.tsx" path="H:\graphiql-app\graphiql-app\graphiql-app\src\pages\main\Main.tsx">
        <metrics statements="85" coveredstatements="47" conditionals="31" coveredconditionals="15" methods="12" coveredmethods="7"/>
        <line num="1" count="5" type="stmt"/>
        <line num="2" count="5" type="stmt"/>
        <line num="3" count="5" type="stmt"/>
        <line num="4" count="5" type="stmt"/>
        <line num="5" count="5" type="stmt"/>
        <line num="17" count="5" type="stmt"/>
        <line num="18" count="8" type="stmt"/>
        <line num="19" count="4" type="stmt"/>
        <line num="21" count="8" type="stmt"/>
        <line num="22" count="40" type="stmt"/>
        <line num="23" count="40" type="cond" truecount="2" falsecount="0"/>
        <line num="25" count="8" type="stmt"/>
        <line num="28" count="8" type="stmt"/>
        <line num="31" count="8" type="stmt"/>
        <line num="34" count="8" type="stmt"/>
        <line num="38" count="8" type="stmt"/>
        <line num="41" count="8" type="stmt"/>
        <line num="43" count="8" type="stmt"/>
        <line num="44" count="8" type="stmt"/>
        <line num="45" count="8" type="stmt"/>
        <line num="46" count="8" type="stmt"/>
        <line num="47" count="8" type="stmt"/>
        <line num="48" count="8" type="stmt"/>
        <line num="49" count="8" type="stmt"/>
        <line num="50" count="8" type="stmt"/>
        <line num="52" count="8" type="stmt"/>
        <line num="53" count="0" type="stmt"/>
        <line num="54" count="0" type="stmt"/>
        <line num="55" count="0" type="stmt"/>
        <line num="56" count="0" type="stmt"/>
        <line num="58" count="0" type="cond" truecount="0" falsecount="1"/>
        <line num="59" count="0" type="stmt"/>
        <line num="61" count="0" type="cond" truecount="0" falsecount="1"/>
        <line num="62" count="0" type="stmt"/>
        <line num="66" count="8" type="stmt"/>
        <line num="67" count="0" type="stmt"/>
        <line num="68" count="0" type="stmt"/>
        <line num="69" count="0" type="stmt"/>
        <line num="70" count="0" type="stmt"/>
        <line num="72" count="0" type="cond" truecount="0" falsecount="1"/>
        <line num="73" count="0" type="stmt"/>
        <line num="75" count="0" type="cond" truecount="0" falsecount="1"/>
        <line num="76" count="0" type="stmt"/>
        <line num="80" count="8" type="stmt"/>
        <line num="81" count="0" type="stmt"/>
        <line num="83" count="0" type="cond" truecount="0" falsecount="2"/>
        <line num="84" count="0" type="cond" truecount="0" falsecount="1"/>
        <line num="85" count="0" type="stmt"/>
        <line num="88" count="0" type="cond" truecount="0" falsecount="1"/>
        <line num="89" count="0" type="stmt"/>
        <line num="92" count="0" type="cond" truecount="0" falsecount="1"/>
        <line num="93" count="0" type="stmt"/>
        <line num="96" count="0" type="cond" truecount="0" falsecount="1"/>
        <line num="97" count="0" type="stmt"/>
        <line num="101" count="8" type="stmt"/>
        <line num="102" count="1" type="stmt"/>
        <line num="103" count="1" type="stmt"/>
        <line num="104" count="1" type="stmt"/>
        <line num="107" count="8" type="stmt"/>
        <line num="110" count="1" type="stmt"/>
        <line num="111" count="1" type="stmt"/>
        <line num="112" count="1" type="stmt"/>
        <line num="115" count="8" type="stmt"/>
        <line num="118" count="1" type="stmt"/>
        <line num="119" count="1" type="stmt"/>
        <line num="120" count="1" type="stmt"/>
        <line num="123" count="8" type="stmt"/>
        <line num="125" count="1" type="stmt"/>
        <line num="126" count="1" type="stmt"/>
        <line num="127" count="1" type="stmt"/>
        <line num="130" count="8" type="stmt"/>
        <line num="132" count="0" type="stmt"/>
        <line num="133" count="0" type="stmt"/>
        <line num="134" count="0" type="cond" truecount="0" falsecount="1"/>
        <line num="135" count="0" type="stmt"/>
        <line num="136" count="0" type="stmt"/>
        <line num="137" count="0" type="stmt"/>
        <line num="138" count="0" type="stmt"/>
        <line num="142" count="0" type="stmt"/>
        <line num="154" count="0" type="stmt"/>
        <line num="155" count="0" type="stmt"/>
        <line num="157" count="0" type="stmt"/>
        <line num="159" count="0" type="stmt"/>
        <line num="163" count="8" type="stmt"/>
        <line num="270" count="5" type="stmt"/>
      </file>
    </package>
    <package name="src.pages.page_404">
      <metrics statements="3" coveredstatements="3" conditionals="0" coveredconditionals="0" methods="1" coveredmethods="1"/>
      <file name="Page_404.tsx" path="H:\graphiql-app\graphiql-app\graphiql-app\src\pages\page_404\Page_404.tsx">
        <metrics statements="3" coveredstatements="3" conditionals="0" coveredconditionals="0" methods="1" coveredmethods="1"/>
        <line num="3" count="5" type="stmt"/>
        <line num="4" count="1" type="stmt"/>
        <line num="6" count="5" type="stmt"/>
      </file>
    </package>
    <package name="src.pages.welcome">
      <metrics statements="6" coveredstatements="6" conditionals="0" coveredconditionals="0" methods="1" coveredmethods="1"/>
      <file name="Welcome.tsx" path="H:\graphiql-app\graphiql-app\graphiql-app\src\pages\welcome\Welcome.tsx">
        <metrics statements="6" coveredstatements="6" conditionals="0" coveredconditionals="0" methods="1" coveredmethods="1"/>
        <line num="1" count="4" type="stmt"/>
        <line num="2" count="4" type="stmt"/>
        <line num="5" count="4" type="stmt"/>
        <line num="6" count="1" type="stmt"/>
        <line num="7" count="1" type="stmt"/>
        <line num="94" count="4" type="stmt"/>
      </file>
    </package>
    <package name="src.utils">
      <metrics statements="4" coveredstatements="4" conditionals="0" coveredconditionals="0" methods="0" coveredmethods="0"/>
      <file name="consts.tsx" path="H:\graphiql-app\graphiql-app\graphiql-app\src\utils\consts.tsx">
        <metrics statements="4" coveredstatements="4" conditionals="0" coveredconditionals="0" methods="0" coveredmethods="0"/>
        <line num="1" count="4" type="stmt"/>
        <line num="2" count="4" type="stmt"/>
        <line num="3" count="4" type="stmt"/>
        <line num="4" count="4" type="stmt"/>
      </file>
    </package>
  </project>
</coverage>
