{
  "H:\\graphiql-app\\graphiql-app\\graphiql-app\\src\\App.tsx": {
    "path": "H:\\graphiql-app\\graphiql-app\\graphiql-app\\src\\App.tsx",
    "statementMap": {
      "0": {
        "start": { "line": 1, "column": 0 },
        "end": { "line": 1, "column": 74 }
      },
      "1": {
        "start": { "line": 2, "column": 0 },
        "end": { "line": 2, "column": 19 }
      },
      "2": {
        "start": { "line": 3, "column": 0 },
        "end": { "line": 3, "column": null }
      },
      "3": {
        "start": { "line": 9, "column": 0 },
        "end": { "line": 9, "column": 45 }
      },
      "4": {
        "start": { "line": 10, "column": 0 },
        "end": { "line": 10, "column": 46 }
      },
      "5": {
        "start": { "line": 11, "column": 0 },
        "end": { "line": 11, "column": 48 }
      },
      "6": {
        "start": { "line": 12, "column": 0 },
        "end": { "line": 12, "column": 48 }
      },
      "7": {
        "start": { "line": 13, "column": 0 },
        "end": { "line": 13, "column": 49 }
      },
      "8": {
        "start": { "line": 14, "column": 0 },
        "end": { "line": 14, "column": 57 }
      },
      "9": {
        "start": { "line": 17, "column": 0 },
        "end": { "line": 17, "column": 48 }
      },
      "10": {
        "start": { "line": 18, "column": 0 },
        "end": { "line": 18, "column": 58 }
      },
      "11": {
        "start": { "line": 19, "column": 0 },
        "end": { "line": 19, "column": 37 }
      },
      "12": {
        "start": { "line": 20, "column": 0 },
        "end": { "line": 20, "column": 30 }
      },
      "13": {
        "start": { "line": 22, "column": 16 },
        "end": { "line": 55, "column": 1 }
      },
      "14": {
        "start": { "line": 23, "column": 26 },
        "end": { "line": 23, "column": 44 }
      },
      "15": {
        "start": { "line": 25, "column": 2 },
        "end": { "line": 27, "column": 3 }
      },
      "16": {
        "start": { "line": 26, "column": 4 },
        "end": { "line": 26, "column": 22 }
      },
      "17": {
        "start": { "line": 29, "column": 23 },
        "end": { "line": 42, "column": 3 }
      },
      "18": {
        "start": { "line": 30, "column": 4 },
        "end": { "line": 41, "column": 6 }
      },
      "19": {
        "start": { "line": 44, "column": 2 },
        "end": { "line": 54, "column": 4 }
      },
      "20": {
        "start": { "line": 57, "column": 0 },
        "end": { "line": 57, "column": 19 }
      }
    },
    "fnMap": {
      "0": {
        "name": "(anonymous_0)",
        "decl": {
          "start": { "line": 22, "column": 16 },
          "end": { "line": 22, "column": 19 }
        },
        "loc": {
          "start": { "line": 22, "column": 21 },
          "end": { "line": 55, "column": 1 }
        }
      },
      "1": {
        "name": "(anonymous_1)",
        "decl": {
          "start": { "line": 29, "column": 23 },
          "end": { "line": 29, "column": 26 }
        },
        "loc": {
          "start": { "line": 29, "column": 28 },
          "end": { "line": 42, "column": 3 }
        }
      }
    },
    "branchMap": {
      "0": {
        "loc": {
          "start": { "line": 25, "column": 2 },
          "end": { "line": 27, "column": 3 }
        },
        "type": "if",
        "locations": [
          {
            "start": { "line": 25, "column": 2 },
            "end": { "line": 27, "column": 3 }
          }
        ]
      },
      "1": {
        "loc": {
          "start": { "line": 34, "column": 19 },
          "end": { "line": 34, "column": 66 }
        },
        "type": "cond-expr",
        "locations": [
          {
            "start": { "line": 34, "column": 26 },
            "end": { "line": 34, "column": 34 }
          },
          {
            "start": { "line": 34, "column": 37 },
            "end": { "line": 34, "column": 66 }
          }
        ]
      },
      "2": {
        "loc": {
          "start": { "line": 47, "column": 18 },
          "end": { "line": 47, "column": 79 }
        },
        "type": "cond-expr",
        "locations": [
          {
            "start": { "line": 47, "column": 58 },
            "end": { "line": 47, "column": 73 }
          },
          {
            "start": { "line": 47, "column": 76 },
            "end": { "line": 47, "column": 79 }
          }
        ]
      }
    },
    "s": {
      "0": 4,
      "1": 4,
      "2": 4,
      "3": 4,
      "4": 4,
      "5": 4,
      "6": 4,
      "7": 4,
      "8": 4,
      "9": 4,
      "10": 4,
      "11": 4,
      "12": 4,
      "13": 4,
      "14": 2,
      "15": 2,
      "16": 2,
      "17": 0,
      "18": 0,
      "19": 0,
      "20": 4
    },
    "f": { "0": 2, "1": 0 },
    "b": { "0": [2], "1": [0, 0], "2": [0, 0] }
  },
  "H:\\graphiql-app\\graphiql-app\\graphiql-app\\src\\main.tsx": {
    "path": "H:\\graphiql-app\\graphiql-app\\graphiql-app\\src\\main.tsx",
    "statementMap": {
      "0": {
        "start": { "line": 1, "column": 0 },
        "end": { "line": 1, "column": 28 }
      },
      "1": {
        "start": { "line": 2, "column": 0 },
        "end": { "line": 2, "column": 35 }
      },
      "2": {
        "start": { "line": 3, "column": 0 },
        "end": { "line": 3, "column": 41 }
      },
      "3": {
        "start": { "line": 4, "column": 0 },
        "end": { "line": 4, "column": 39 }
      },
      "4": {
        "start": { "line": 5, "column": 0 },
        "end": { "line": 5, "column": 45 }
      },
      "5": {
        "start": { "line": 6, "column": 0 },
        "end": { "line": 6, "column": 77 }
      },
      "6": {
        "start": { "line": 7, "column": 0 },
        "end": { "line": 7, "column": null }
      },
      "7": {
        "start": { "line": 15, "column": 0 },
        "end": { "line": 15, "column": 63 }
      },
      "8": {
        "start": { "line": 16, "column": 0 },
        "end": { "line": 16, "column": 46 }
      },
      "9": {
        "start": { "line": 17, "column": 0 },
        "end": { "line": 17, "column": 56 }
      },
      "10": {
        "start": { "line": 18, "column": 0 },
        "end": { "line": 18, "column": 62 }
      },
      "11": {
        "start": { "line": 20, "column": 12 },
        "end": { "line": 20, "column": 41 }
      },
      "12": {
        "start": { "line": 21, "column": 13 },
        "end": { "line": 21, "column": 33 }
      },
      "13": {
        "start": { "line": 22, "column": 13 },
        "end": { "line": 22, "column": 36 }
      },
      "14": {
        "start": { "line": 23, "column": 23 },
        "end": { "line": 23, "column": 47 }
      },
      "15": {
        "start": { "line": 25, "column": 32 },
        "end": { "line": 47, "column": 1 }
      },
      "16": {
        "start": { "line": 28, "column": 2 },
        "end": { "line": 28, "column": 21 }
      },
      "17": {
        "start": { "line": 29, "column": 2 },
        "end": { "line": 46, "column": 3 }
      },
      "18": {
        "start": { "line": 30, "column": 16 },
        "end": { "line": 30, "column": 59 }
      },
      "19": {
        "start": { "line": 31, "column": 17 },
        "end": { "line": 31, "column": 25 }
      },
      "20": {
        "start": { "line": 32, "column": 14 },
        "end": { "line": 32, "column": 74 }
      },
      "21": {
        "start": { "line": 33, "column": 17 },
        "end": { "line": 33, "column": 33 }
      },
      "22": {
        "start": { "line": 34, "column": 4 },
        "end": { "line": 41, "column": 5 }
      },
      "23": {
        "start": { "line": 35, "column": 6 },
        "end": { "line": 40, "column": 9 }
      },
      "24": {
        "start": { "line": 43, "column": 23 },
        "end": { "line": 43, "column": 35 }
      },
      "25": {
        "start": { "line": 44, "column": 4 },
        "end": { "line": 44, "column": 31 }
      },
      "26": {
        "start": { "line": 45, "column": 4 },
        "end": { "line": 45, "column": 11 }
      },
      "27": {
        "start": { "line": 25, "column": 13 },
        "end": { "line": 25, "column": 32 }
      },
      "28": {
        "start": { "line": 49, "column": 20 },
        "end": { "line": 49, "column": 37 }
      },
      "29": {
        "start": { "line": 52, "column": 3 },
        "end": { "line": 53, "column": 31 }
      },
      "30": {
        "start": { "line": 54, "column": 13 },
        "end": { "line": 54, "column": 36 }
      },
      "31": {
        "start": { "line": 55, "column": 0 },
        "end": { "line": 65, "column": 2 }
      }
    },
    "fnMap": {
      "0": {
        "name": "(anonymous_0)",
        "decl": {
          "start": { "line": 25, "column": 32 },
          "end": { "line": 25, "column": 37 }
        },
        "loc": {
          "start": { "line": 27, "column": 4 },
          "end": { "line": 47, "column": 1 }
        }
      }
    },
    "branchMap": {
      "0": {
        "loc": {
          "start": { "line": 34, "column": 4 },
          "end": { "line": 41, "column": 5 }
        },
        "type": "if",
        "locations": [
          {
            "start": { "line": 34, "column": 4 },
            "end": { "line": 41, "column": 5 }
          }
        ]
      },
      "1": {
        "loc": {
          "start": { "line": 52, "column": 3 },
          "end": { "line": 53, "column": 31 }
        },
        "type": "binary-expr",
        "locations": [
          {
            "start": { "line": 52, "column": 3 },
            "end": { "line": 52, "column": 50 }
          },
          {
            "start": { "line": 53, "column": 2 },
            "end": { "line": 53, "column": 31 }
          }
        ]
      }
    },
    "s": {
      "0": 4,
      "1": 4,
      "2": 4,
      "3": 4,
      "4": 4,
      "5": 4,
      "6": 4,
      "7": 4,
      "8": 4,
      "9": 4,
      "10": 4,
      "11": 4,
      "12": 4,
      "13": 4,
      "14": 4,
      "15": 4,
      "16": 0,
      "17": 0,
      "18": 0,
      "19": 0,
      "20": 0,
      "21": 0,
      "22": 0,
      "23": 0,
      "24": 0,
      "25": 0,
      "26": 0,
      "27": 4,
      "28": 4,
      "29": 4,
      "30": 4,
      "31": 4
    },
    "f": { "0": 0 },
    "b": { "0": [0], "1": [4, 4] }
  },
  "H:\\graphiql-app\\graphiql-app\\graphiql-app\\src\\components\\documentation\\Documentation.tsx": {
    "path": "H:\\graphiql-app\\graphiql-app\\graphiql-app\\src\\components\\documentation\\Documentation.tsx",
    "statementMap": {
      "0": {
        "start": { "line": 1, "column": 0 },
        "end": { "line": 1, "column": 48 }
      },
      "1": {
        "start": { "line": 2, "column": 0 },
        "end": { "line": 2, "column": 29 }
      },
      "2": {
        "start": { "line": 8, "column": 46 },
        "end": { "line": 65, "column": 1 }
      },
      "3": {
        "start": { "line": 9, "column": 30 },
        "end": { "line": 9, "column": 63 }
      },
      "4": {
        "start": { "line": 10, "column": 36 },
        "end": { "line": 10, "column": 51 }
      },
      "5": {
        "start": { "line": 11, "column": 28 },
        "end": { "line": 11, "column": 57 }
      },
      "6": {
        "start": { "line": 13, "column": 2 },
        "end": { "line": 52, "column": 15 }
      },
      "7": {
        "start": { "line": 14, "column": 4 },
        "end": { "line": 14, "column": 23 }
      },
      "8": {
        "start": { "line": 15, "column": 4 },
        "end": { "line": 51, "column": 5 }
      },
      "9": {
        "start": { "line": 16, "column": 26 },
        "end": { "line": 49, "column": 7 }
      },
      "10": {
        "start": { "line": 17, "column": 8 },
        "end": { "line": 48, "column": 9 }
      },
      "11": {
        "start": { "line": 18, "column": 27 },
        "end": { "line": 34, "column": 12 }
      },
      "12": {
        "start": { "line": 36, "column": 10 },
        "end": { "line": 38, "column": 11 }
      },
      "13": {
        "start": { "line": 37, "column": 12 },
        "end": { "line": 37, "column": 59 }
      },
      "14": {
        "start": { "line": 40, "column": 35 },
        "end": { "line": 40, "column": 56 }
      },
      "15": {
        "start": { "line": 41, "column": 10 },
        "end": { "line": 41, "column": 26 }
      },
      "16": {
        "start": { "line": 42, "column": 10 },
        "end": { "line": 42, "column": 25 }
      },
      "17": {
        "start": { "line": 44, "column": 10 },
        "end": { "line": 44, "column": 57 }
      },
      "18": {
        "start": { "line": 45, "column": 10 },
        "end": { "line": 45, "column": 44 }
      },
      "19": {
        "start": { "line": 47, "column": 10 },
        "end": { "line": 47, "column": 30 }
      },
      "20": {
        "start": { "line": 50, "column": 6 },
        "end": { "line": 50, "column": 20 }
      },
      "21": {
        "start": { "line": 54, "column": 2 },
        "end": { "line": 64, "column": 4 }
      },
      "22": {
        "start": { "line": 61, "column": 10 },
        "end": { "line": 61, "column": 29 }
      },
      "23": {
        "start": { "line": 66, "column": 0 },
        "end": { "line": 66, "column": 29 }
      }
    },
    "fnMap": {
      "0": {
        "name": "(anonymous_0)",
        "decl": {
          "start": { "line": 8, "column": 46 },
          "end": { "line": 8, "column": 47 }
        },
        "loc": {
          "start": { "line": 8, "column": 61 },
          "end": { "line": 65, "column": 1 }
        }
      },
      "1": {
        "name": "(anonymous_1)",
        "decl": {
          "start": { "line": 13, "column": 12 },
          "end": { "line": 13, "column": 15 }
        },
        "loc": {
          "start": { "line": 13, "column": 17 },
          "end": { "line": 52, "column": 3 }
        }
      },
      "2": {
        "name": "(anonymous_2)",
        "decl": {
          "start": { "line": 16, "column": 26 },
          "end": { "line": 16, "column": 31 }
        },
        "loc": {
          "start": { "line": 16, "column": 37 },
          "end": { "line": 49, "column": 7 }
        }
      },
      "3": {
        "name": "(anonymous_3)",
        "decl": {
          "start": { "line": 60, "column": 40 },
          "end": { "line": 60, "column": 41 }
        },
        "loc": {
          "start": { "line": 61, "column": 10 },
          "end": { "line": 61, "column": 29 }
        }
      }
    },
    "branchMap": {
      "0": {
        "loc": {
          "start": { "line": 15, "column": 4 },
          "end": { "line": 51, "column": 5 }
        },
        "type": "if",
        "locations": [
          {
            "start": { "line": 15, "column": 4 },
            "end": { "line": 51, "column": 5 }
          }
        ]
      },
      "1": {
        "loc": {
          "start": { "line": 36, "column": 10 },
          "end": { "line": 38, "column": 11 }
        },
        "type": "if",
        "locations": [
          {
            "start": { "line": 36, "column": 10 },
            "end": { "line": 38, "column": 11 }
          }
        ]
      },
      "2": {
        "loc": {
          "start": { "line": 56, "column": 7 },
          "end": { "line": 56, "column": 41 }
        },
        "type": "binary-expr",
        "locations": [
          {
            "start": { "line": 56, "column": 7 },
            "end": { "line": 56, "column": 16 }
          },
          {
            "start": { "line": 56, "column": 20 },
            "end": { "line": 56, "column": 41 }
          }
        ]
      },
      "3": {
        "loc": {
          "start": { "line": 57, "column": 7 },
          "end": { "line": 57, "column": 74 }
        },
        "type": "binary-expr",
        "locations": [
          {
            "start": { "line": 57, "column": 7 },
            "end": { "line": 57, "column": 17 }
          },
          {
            "start": { "line": 57, "column": 21 },
            "end": { "line": 57, "column": 26 }
          },
          {
            "start": { "line": 57, "column": 30 },
            "end": { "line": 57, "column": 74 }
          }
        ]
      },
      "4": {
        "loc": {
          "start": { "line": 58, "column": 7 },
          "end": { "line": 62, "column": 10 }
        },
        "type": "binary-expr",
        "locations": [
          {
            "start": { "line": 58, "column": 7 },
            "end": { "line": 58, "column": 17 }
          },
          {
            "start": { "line": 59, "column": 8 },
            "end": { "line": 59, "column": 14 }
          },
          {
            "start": { "line": 60, "column": 8 },
            "end": { "line": 62, "column": 10 }
          }
        ]
      }
    },
    "s": {
      "0": 6,
      "1": 6,
      "2": 6,
      "3": 5,
      "4": 5,
      "5": 5,
      "6": 5,
      "7": 2,
      "8": 2,
      "9": 2,
      "10": 2,
      "11": 2,
      "12": 1,
      "13": 1,
      "14": 0,
      "15": 0,
      "16": 0,
      "17": 2,
      "18": 2,
      "19": 2,
      "20": 2,
      "21": 5,
      "22": 0,
      "23": 6
    },
    "f": { "0": 5, "1": 2, "2": 2, "3": 0 },
    "b": { "0": [2], "1": [1], "2": [5, 2], "3": [5, 3, 1], "4": [5, 3, 2] }
  },
  "H:\\graphiql-app\\graphiql-app\\graphiql-app\\src\\components\\footer\\Footer.tsx": {
    "path": "H:\\graphiql-app\\graphiql-app\\graphiql-app\\src\\components\\footer\\Footer.tsx",
    "statementMap": {
      "0": {
        "start": { "line": 2, "column": 0 },
        "end": { "line": 2, "column": 22 }
      },
      "1": {
        "start": { "line": 4, "column": 19 },
        "end": { "line": 44, "column": 1 }
      },
      "2": {
        "start": { "line": 5, "column": 2 },
        "end": { "line": 43, "column": 4 }
      },
      "3": {
        "start": { "line": 45, "column": 0 },
        "end": { "line": 45, "column": 22 }
      }
    },
    "fnMap": {
      "0": {
        "name": "(anonymous_0)",
        "decl": {
          "start": { "line": 4, "column": 19 },
          "end": { "line": 4, "column": 22 }
        },
        "loc": {
          "start": { "line": 4, "column": 24 },
          "end": { "line": 44, "column": 1 }
        }
      }
    },
    "branchMap": {},
    "s": { "0": 5, "1": 5, "2": 2, "3": 5 },
    "f": { "0": 2 },
    "b": {}
  },
  "H:\\graphiql-app\\graphiql-app\\graphiql-app\\src\\components\\header\\Header.tsx": {
    "path": "H:\\graphiql-app\\graphiql-app\\graphiql-app\\src\\components\\header\\Header.tsx",
    "statementMap": {
      "0": {
        "start": { "line": 1, "column": 0 },
        "end": { "line": 1, "column": 53 }
      },
      "1": {
        "start": { "line": 2, "column": 0 },
        "end": { "line": 2, "column": 22 }
      },
      "2": {
        "start": { "line": 3, "column": 0 },
        "end": { "line": 3, "column": null }
      },
      "3": {
        "start": { "line": 9, "column": 0 },
        "end": { "line": 9, "column": 38 }
      },
      "4": {
        "start": { "line": 10, "column": 0 },
        "end": { "line": 10, "column": 57 }
      },
      "5": {
        "start": { "line": 11, "column": 0 },
        "end": { "line": 11, "column": 56 }
      },
      "6": {
        "start": { "line": 12, "column": 0 },
        "end": { "line": 12, "column": 61 }
      },
      "7": {
        "start": { "line": 13, "column": 0 },
        "end": { "line": 13, "column": 34 }
      },
      "8": {
        "start": { "line": 15, "column": 19 },
        "end": { "line": 83, "column": 1 }
      },
      "9": {
        "start": { "line": 16, "column": 37 },
        "end": { "line": 16, "column": 50 }
      },
      "10": {
        "start": { "line": 17, "column": 30 },
        "end": { "line": 17, "column": 48 }
      },
      "11": {
        "start": { "line": 19, "column": 19 },
        "end": { "line": 19, "column": 32 }
      },
      "12": {
        "start": { "line": 21, "column": 2 },
        "end": { "line": 27, "column": 26 }
      },
      "13": {
        "start": { "line": 22, "column": 4 },
        "end": { "line": 24, "column": 5 }
      },
      "14": {
        "start": { "line": 23, "column": 6 },
        "end": { "line": 23, "column": 13 }
      },
      "15": {
        "start": { "line": 26, "column": 4 },
        "end": { "line": 26, "column": 44 }
      },
      "16": {
        "start": { "line": 26, "column": 18 },
        "end": { "line": 26, "column": 44 }
      },
      "17": {
        "start": { "line": 28, "column": 2 },
        "end": { "line": 82, "column": 4 }
      },
      "18": {
        "start": { "line": 53, "column": 35 },
        "end": { "line": 53, "column": 49 }
      },
      "19": {
        "start": { "line": 84, "column": 0 },
        "end": { "line": 84, "column": 22 }
      }
    },
    "fnMap": {
      "0": {
        "name": "(anonymous_0)",
        "decl": {
          "start": { "line": 15, "column": 19 },
          "end": { "line": 15, "column": 22 }
        },
        "loc": {
          "start": { "line": 15, "column": 24 },
          "end": { "line": 83, "column": 1 }
        }
      },
      "1": {
        "name": "(anonymous_1)",
        "decl": {
          "start": { "line": 21, "column": 12 },
          "end": { "line": 21, "column": 15 }
        },
        "loc": {
          "start": { "line": 21, "column": 17 },
          "end": { "line": 27, "column": 3 }
        }
      },
      "2": {
        "name": "(anonymous_2)",
        "decl": {
          "start": { "line": 53, "column": 29 },
          "end": { "line": 53, "column": 32 }
        },
        "loc": {
          "start": { "line": 53, "column": 35 },
          "end": { "line": 53, "column": 49 }
        }
      }
    },
    "branchMap": {
      "0": {
        "loc": {
          "start": { "line": 22, "column": 4 },
          "end": { "line": 24, "column": 5 }
        },
        "type": "if",
        "locations": [
          {
            "start": { "line": 22, "column": 4 },
            "end": { "line": 24, "column": 5 }
          }
        ]
      },
      "1": {
        "loc": {
          "start": { "line": 26, "column": 4 },
          "end": { "line": 26, "column": 44 }
        },
        "type": "if",
        "locations": [
          {
            "start": { "line": 26, "column": 4 },
            "end": { "line": 26, "column": 44 }
          }
        ]
      },
      "2": {
        "loc": {
          "start": { "line": 45, "column": 15 },
          "end": { "line": 75, "column": null }
        },
        "type": "cond-expr",
        "locations": [
          {
            "start": { "line": 46, "column": 16 },
            "end": { "line": 58, "column": null }
          },
          {
            "start": { "line": 61, "column": 16 },
            "end": { "line": 74, "column": null }
          }
        ]
      }
    },
    "s": {
      "0": 4,
      "1": 4,
      "2": 4,
      "3": 4,
      "4": 4,
      "5": 4,
      "6": 4,
      "7": 4,
      "8": 4,
      "9": 5,
      "10": 4,
      "11": 4,
      "12": 4,
      "13": 3,
      "14": 3,
      "15": 0,
      "16": 0,
      "17": 4,
      "18": 0,
      "19": 4
    },
    "f": { "0": 5, "1": 3, "2": 0 },
    "b": { "0": [3], "1": [0], "2": [0, 4] }
  },
  "H:\\graphiql-app\\graphiql-app\\graphiql-app\\src\\components\\loader\\Loader.tsx": {
    "path": "H:\\graphiql-app\\graphiql-app\\graphiql-app\\src\\components\\loader\\Loader.tsx",
    "statementMap": {
      "0": {
        "start": { "line": 2, "column": 0 },
        "end": { "line": 2, "column": 22 }
      },
      "1": {
        "start": { "line": 4, "column": 19 },
        "end": { "line": 10, "column": 1 }
      },
      "2": {
        "start": { "line": 5, "column": 2 },
        "end": { "line": 9, "column": 4 }
      },
      "3": {
        "start": { "line": 11, "column": 0 },
        "end": { "line": 11, "column": 22 }
      }
    },
    "fnMap": {
      "0": {
        "name": "(anonymous_0)",
        "decl": {
          "start": { "line": 4, "column": 19 },
          "end": { "line": 4, "column": 22 }
        },
        "loc": {
          "start": { "line": 4, "column": 24 },
          "end": { "line": 10, "column": 1 }
        }
      }
    },
    "branchMap": {},
    "s": { "0": 5, "1": 5, "2": 3, "3": 5 },
    "f": { "0": 3 },
    "b": {}
  },
  "H:\\graphiql-app\\graphiql-app\\graphiql-app\\src\\components\\localization\\Languages.tsx": {
    "path": "H:\\graphiql-app\\graphiql-app\\graphiql-app\\src\\components\\localization\\Languages.tsx",
    "statementMap": {
      "0": {
        "start": { "line": 1, "column": 0 },
        "end": { "line": 1, "column": 37 }
      },
      "1": {
        "start": { "line": 2, "column": 0 },
        "end": { "line": 2, "column": 25 }
      },
      "2": {
        "start": { "line": 3, "column": 0 },
        "end": { "line": 3, "column": 61 }
      },
      "3": {
        "start": { "line": 7, "column": 44 },
        "end": { "line": 43, "column": 1 }
      },
      "4": {
        "start": { "line": 8, "column": 39 },
        "end": { "line": 8, "column": 52 }
      },
      "5": {
        "start": { "line": 9, "column": 46 },
        "end": { "line": 9, "column": 70 }
      },
      "6": {
        "start": { "line": 10, "column": 25 },
        "end": { "line": 12, "column": 3 }
      },
      "7": {
        "start": { "line": 11, "column": 4 },
        "end": { "line": 11, "column": 39 }
      },
      "8": {
        "start": { "line": 13, "column": 31 },
        "end": { "line": 16, "column": 3 }
      },
      "9": {
        "start": { "line": 14, "column": 4 },
        "end": { "line": 14, "column": 37 }
      },
      "10": {
        "start": { "line": 15, "column": 4 },
        "end": { "line": 15, "column": 29 }
      },
      "11": {
        "start": { "line": 18, "column": 2 },
        "end": { "line": 42, "column": 4 }
      },
      "12": {
        "start": { "line": 28, "column": 29 },
        "end": { "line": 28, "column": 55 }
      },
      "13": {
        "start": { "line": 34, "column": 29 },
        "end": { "line": 34, "column": 55 }
      },
      "14": {
        "start": { "line": 45, "column": 0 },
        "end": { "line": 45, "column": 31 }
      }
    },
    "fnMap": {
      "0": {
        "name": "(anonymous_0)",
        "decl": {
          "start": { "line": 7, "column": 44 },
          "end": { "line": 7, "column": 47 }
        },
        "loc": {
          "start": { "line": 7, "column": 49 },
          "end": { "line": 43, "column": 1 }
        }
      },
      "1": {
        "name": "(anonymous_1)",
        "decl": {
          "start": { "line": 10, "column": 25 },
          "end": { "line": 10, "column": 28 }
        },
        "loc": {
          "start": { "line": 10, "column": 30 },
          "end": { "line": 12, "column": 3 }
        }
      },
      "2": {
        "name": "(anonymous_2)",
        "decl": {
          "start": { "line": 13, "column": 31 },
          "end": { "line": 13, "column": 32 }
        },
        "loc": {
          "start": { "line": 13, "column": 60 },
          "end": { "line": 16, "column": 3 }
        }
      },
      "3": {
        "name": "(anonymous_3)",
        "decl": {
          "start": { "line": 28, "column": 23 },
          "end": { "line": 28, "column": 26 }
        },
        "loc": {
          "start": { "line": 28, "column": 29 },
          "end": { "line": 28, "column": 55 }
        }
      },
      "4": {
        "name": "(anonymous_4)",
        "decl": {
          "start": { "line": 34, "column": 23 },
          "end": { "line": 34, "column": 26 }
        },
        "loc": {
          "start": { "line": 34, "column": 29 },
          "end": { "line": 34, "column": 55 }
        }
      }
    },
    "branchMap": {
      "0": {
        "loc": {
          "start": { "line": 23, "column": 7 },
          "end": { "line": 39, "column": null }
        },
        "type": "binary-expr",
        "locations": [
          {
            "start": { "line": 23, "column": 7 },
            "end": { "line": 23, "column": 21 }
          },
          {
            "start": { "line": 24, "column": 8 },
            "end": { "line": 38, "column": null }
          }
        ]
      }
    },
    "s": {
      "0": 5,
      "1": 5,
      "2": 5,
      "3": 5,
      "4": 9,
      "5": 9,
      "6": 9,
      "7": 2,
      "8": 9,
      "9": 0,
      "10": 0,
      "11": 9,
      "12": 0,
      "13": 0,
      "14": 5
    },
    "f": { "0": 9, "1": 2, "2": 0, "3": 0, "4": 0 },
    "b": { "0": [9, 1] }
  },
  "H:\\graphiql-app\\graphiql-app\\graphiql-app\\src\\components\\login\\Login.tsx": {
    "path": "H:\\graphiql-app\\graphiql-app\\graphiql-app\\src\\components\\login\\Login.tsx",
    "statementMap": {
      "0": {
        "start": { "line": 1, "column": 0 },
        "end": { "line": 1, "column": 48 }
      },
      "1": {
        "start": { "line": 2, "column": 0 },
        "end": { "line": 2, "column": 21 }
      },
      "2": {
        "start": { "line": 3, "column": 0 },
        "end": { "line": 3, "column": 59 }
      },
      "3": {
        "start": { "line": 4, "column": 0 },
        "end": { "line": 4, "column": 61 }
      },
      "4": {
        "start": { "line": 5, "column": 0 },
        "end": { "line": 5, "column": 57 }
      },
      "5": {
        "start": { "line": 6, "column": 0 },
        "end": { "line": 6, "column": 47 }
      },
      "6": {
        "start": { "line": 7, "column": 0 },
        "end": { "line": 7, "column": 48 }
      },
      "7": {
        "start": { "line": 8, "column": 0 },
        "end": { "line": 8, "column": 52 }
      },
      "8": {
        "start": { "line": 10, "column": 18 },
        "end": { "line": 87, "column": 1 }
      },
      "9": {
        "start": { "line": 11, "column": 30 },
        "end": { "line": 11, "column": 48 }
      },
      "10": {
        "start": { "line": 12, "column": 37 },
        "end": { "line": 12, "column": 50 }
      },
      "11": {
        "start": { "line": 13, "column": 28 },
        "end": { "line": 13, "column": 40 }
      },
      "12": {
        "start": { "line": 14, "column": 34 },
        "end": { "line": 14, "column": 46 }
      },
      "13": {
        "start": { "line": 15, "column": 28 },
        "end": { "line": 15, "column": 56 }
      },
      "14": {
        "start": { "line": 17, "column": 19 },
        "end": { "line": 17, "column": 32 }
      },
      "15": {
        "start": { "line": 19, "column": 36 },
        "end": { "line": 27, "column": 3 }
      },
      "16": {
        "start": { "line": 20, "column": 4 },
        "end": { "line": 26, "column": 5 }
      },
      "17": {
        "start": { "line": 21, "column": 6 },
        "end": { "line": 21, "column": 62 }
      },
      "18": {
        "start": { "line": 23, "column": 25 },
        "end": { "line": 23, "column": 37 }
      },
      "19": {
        "start": { "line": 24, "column": 6 },
        "end": { "line": 24, "column": 27 }
      },
      "20": {
        "start": { "line": 25, "column": 6 },
        "end": { "line": 25, "column": 13 }
      },
      "21": {
        "start": { "line": 28, "column": 27 },
        "end": { "line": 31, "column": 3 }
      },
      "22": {
        "start": { "line": 29, "column": 4 },
        "end": { "line": 29, "column": 23 }
      },
      "23": {
        "start": { "line": 30, "column": 4 },
        "end": { "line": 30, "column": 53 }
      },
      "24": {
        "start": { "line": 33, "column": 2 },
        "end": { "line": 39, "column": 26 }
      },
      "25": {
        "start": { "line": 34, "column": 4 },
        "end": { "line": 36, "column": 5 }
      },
      "26": {
        "start": { "line": 35, "column": 6 },
        "end": { "line": 35, "column": 13 }
      },
      "27": {
        "start": { "line": 38, "column": 4 },
        "end": { "line": 38, "column": 44 }
      },
      "28": {
        "start": { "line": 38, "column": 18 },
        "end": { "line": 38, "column": 44 }
      },
      "29": {
        "start": { "line": 40, "column": 2 },
        "end": { "line": 86, "column": 4 }
      },
      "30": {
        "start": { "line": 56, "column": 29 },
        "end": { "line": 56, "column": 53 }
      },
      "31": {
        "start": { "line": 70, "column": 29 },
        "end": { "line": 70, "column": 56 }
      },
      "32": {
        "start": { "line": 88, "column": 0 },
        "end": { "line": 88, "column": 21 }
      }
    },
    "fnMap": {
      "0": {
        "name": "(anonymous_0)",
        "decl": {
          "start": { "line": 10, "column": 18 },
          "end": { "line": 10, "column": 21 }
        },
        "loc": {
          "start": { "line": 10, "column": 23 },
          "end": { "line": 87, "column": 1 }
        }
      },
      "1": {
        "name": "(anonymous_1)",
        "decl": {
          "start": { "line": 19, "column": 36 },
          "end": { "line": 19, "column": 41 }
        },
        "loc": {
          "start": { "line": 19, "column": 78 },
          "end": { "line": 27, "column": 3 }
        }
      },
      "2": {
        "name": "(anonymous_2)",
        "decl": {
          "start": { "line": 28, "column": 27 },
          "end": { "line": 28, "column": 32 }
        },
        "loc": {
          "start": { "line": 28, "column": 76 },
          "end": { "line": 31, "column": 3 }
        }
      },
      "3": {
        "name": "(anonymous_3)",
        "decl": {
          "start": { "line": 33, "column": 12 },
          "end": { "line": 33, "column": 15 }
        },
        "loc": {
          "start": { "line": 33, "column": 17 },
          "end": { "line": 39, "column": 3 }
        }
      },
      "4": {
        "name": "(anonymous_4)",
        "decl": {
          "start": { "line": 56, "column": 22 },
          "end": { "line": 56, "column": 23 }
        },
        "loc": {
          "start": { "line": 56, "column": 29 },
          "end": { "line": 56, "column": 53 }
        }
      },
      "5": {
        "name": "(anonymous_5)",
        "decl": {
          "start": { "line": 70, "column": 22 },
          "end": { "line": 70, "column": 23 }
        },
        "loc": {
          "start": { "line": 70, "column": 29 },
          "end": { "line": 70, "column": 56 }
        }
      }
    },
    "branchMap": {
      "0": {
        "loc": {
          "start": { "line": 34, "column": 4 },
          "end": { "line": 36, "column": 5 }
        },
        "type": "if",
        "locations": [
          {
            "start": { "line": 34, "column": 4 },
            "end": { "line": 36, "column": 5 }
          }
        ]
      },
      "1": {
        "loc": {
          "start": { "line": 38, "column": 4 },
          "end": { "line": 38, "column": 44 }
        },
        "type": "if",
        "locations": [
          {
            "start": { "line": 38, "column": 4 },
            "end": { "line": 38, "column": 44 }
          }
        ]
      },
      "2": {
        "loc": {
          "start": { "line": 43, "column": 9 },
          "end": { "line": 43, "column": 58 }
        },
        "type": "binary-expr",
        "locations": [
          {
            "start": { "line": 43, "column": 9 },
            "end": { "line": 43, "column": 14 }
          },
          {
            "start": { "line": 43, "column": 18 },
            "end": { "line": 43, "column": 58 }
          }
        ]
      }
    },
    "s": {
      "0": 4,
      "1": 4,
      "2": 4,
      "3": 4,
      "4": 4,
      "5": 4,
      "6": 4,
      "7": 4,
      "8": 4,
      "9": 10,
      "10": 8,
      "11": 8,
      "12": 8,
      "13": 8,
      "14": 8,
      "15": 8,
      "16": 1,
      "17": 1,
      "18": 0,
      "19": 0,
      "20": 0,
      "21": 8,
      "22": 1,
      "23": 1,
      "24": 8,
      "25": 4,
      "26": 4,
      "27": 0,
      "28": 0,
      "29": 8,
      "30": 2,
      "31": 2,
      "32": 4
    },
    "f": { "0": 10, "1": 1, "2": 1, "3": 4, "4": 2, "5": 2 },
    "b": { "0": [4], "1": [0], "2": [8, 0] }
  },
  "H:\\graphiql-app\\graphiql-app\\graphiql-app\\src\\components\\registration\\Register.tsx": {
    "path": "H:\\graphiql-app\\graphiql-app\\graphiql-app\\src\\components\\registration\\Register.tsx",
    "statementMap": {
      "0": {
        "start": { "line": 1, "column": 0 },
        "end": { "line": 1, "column": 37 }
      },
      "1": {
        "start": { "line": 2, "column": 0 },
        "end": { "line": 2, "column": 27 }
      },
      "2": {
        "start": { "line": 3, "column": 0 },
        "end": { "line": 3, "column": 40 }
      },
      "3": {
        "start": { "line": 4, "column": 0 },
        "end": { "line": 4, "column": 24 }
      },
      "4": {
        "start": { "line": 5, "column": 0 },
        "end": { "line": 5, "column": 63 }
      },
      "5": {
        "start": { "line": 6, "column": 0 },
        "end": { "line": 6, "column": 56 }
      },
      "6": {
        "start": { "line": 7, "column": 0 },
        "end": { "line": 7, "column": 49 }
      },
      "7": {
        "start": { "line": 9, "column": 0 },
        "end": { "line": 9, "column": 54 }
      },
      "8": {
        "start": { "line": 10, "column": 0 },
        "end": { "line": 10, "column": 57 }
      },
      "9": {
        "start": { "line": 11, "column": 0 },
        "end": { "line": 11, "column": 61 }
      },
      "10": {
        "start": { "line": 13, "column": 0 },
        "end": { "line": 13, "column": 56 }
      },
      "11": {
        "start": { "line": 15, "column": 21 },
        "end": { "line": 193, "column": 1 }
      },
      "12": {
        "start": { "line": 16, "column": 37 },
        "end": { "line": 16, "column": 50 }
      },
      "13": {
        "start": { "line": 18, "column": 30 },
        "end": { "line": 22, "column": 4 }
      },
      "14": {
        "start": { "line": 23, "column": 28 },
        "end": { "line": 23, "column": 48 }
      },
      "15": {
        "start": { "line": 24, "column": 34 },
        "end": { "line": 24, "column": 54 }
      },
      "16": {
        "start": { "line": 25, "column": 26 },
        "end": { "line": 25, "column": 46 }
      },
      "17": {
        "start": { "line": 27, "column": 29 },
        "end": { "line": 27, "column": 44 }
      },
      "18": {
        "start": { "line": 28, "column": 46 },
        "end": { "line": 30, "column": 3 }
      },
      "19": {
        "start": { "line": 29, "column": 4 },
        "end": { "line": 29, "column": 25 }
      },
      "20": {
        "start": { "line": 32, "column": 27 },
        "end": { "line": 35, "column": 3 }
      },
      "21": {
        "start": { "line": 33, "column": 4 },
        "end": { "line": 33, "column": 28 }
      },
      "22": {
        "start": { "line": 34, "column": 4 },
        "end": { "line": 34, "column": 47 }
      },
      "23": {
        "start": { "line": 36, "column": 28 },
        "end": { "line": 39, "column": 3 }
      },
      "24": {
        "start": { "line": 37, "column": 4 },
        "end": { "line": 37, "column": 29 }
      },
      "25": {
        "start": { "line": 38, "column": 4 },
        "end": { "line": 38, "column": 43 }
      },
      "26": {
        "start": { "line": 41, "column": 31 },
        "end": { "line": 44, "column": 3 }
      },
      "27": {
        "start": { "line": 42, "column": 4 },
        "end": { "line": 42, "column": 32 }
      },
      "28": {
        "start": { "line": 43, "column": 4 },
        "end": { "line": 43, "column": 46 }
      },
      "29": {
        "start": { "line": 45, "column": 24 },
        "end": { "line": 54, "column": 3 }
      },
      "30": {
        "start": { "line": 46, "column": 4 },
        "end": { "line": 53, "column": 8 }
      },
      "31": {
        "start": { "line": 49, "column": 8 },
        "end": { "line": 49, "column": 71 }
      },
      "32": {
        "start": { "line": 49, "column": 35 },
        "end": { "line": 49, "column": 69 }
      },
      "33": {
        "start": { "line": 52, "column": 8 },
        "end": { "line": 52, "column": 80 }
      },
      "34": {
        "start": { "line": 52, "column": 35 },
        "end": { "line": 52, "column": 78 }
      },
      "35": {
        "start": { "line": 56, "column": 39 },
        "end": { "line": 77, "column": 3 }
      },
      "36": {
        "start": { "line": 61, "column": 4 },
        "end": { "line": 76, "column": 5 }
      },
      "37": {
        "start": { "line": 62, "column": 18 },
        "end": { "line": 62, "column": 77 }
      },
      "38": {
        "start": { "line": 63, "column": 19 },
        "end": { "line": 63, "column": 27 }
      },
      "39": {
        "start": { "line": 64, "column": 6 },
        "end": { "line": 70, "column": 9 }
      },
      "40": {
        "start": { "line": 72, "column": 25 },
        "end": { "line": 72, "column": 37 }
      },
      "41": {
        "start": { "line": 73, "column": 6 },
        "end": { "line": 73, "column": 25 }
      },
      "42": {
        "start": { "line": 74, "column": 6 },
        "end": { "line": 74, "column": 33 }
      },
      "43": {
        "start": { "line": 75, "column": 6 },
        "end": { "line": 75, "column": 13 }
      },
      "44": {
        "start": { "line": 78, "column": 23 },
        "end": { "line": 81, "column": 3 }
      },
      "45": {
        "start": { "line": 79, "column": 4 },
        "end": { "line": 79, "column": 69 }
      },
      "46": {
        "start": { "line": 79, "column": 15 },
        "end": { "line": 79, "column": 69 }
      },
      "47": {
        "start": { "line": 80, "column": 4 },
        "end": { "line": 80, "column": 56 }
      },
      "48": {
        "start": { "line": 83, "column": 38 },
        "end": { "line": 85, "column": 3 }
      },
      "49": {
        "start": { "line": 84, "column": 4 },
        "end": { "line": 84, "column": 65 }
      },
      "50": {
        "start": { "line": 87, "column": 17 },
        "end": { "line": 114, "column": 4 }
      },
      "51": {
        "start": { "line": 119, "column": 6 },
        "end": { "line": 119, "column": 60 }
      },
      "52": {
        "start": { "line": 121, "column": 2 },
        "end": { "line": 192, "column": 4 }
      },
      "53": {
        "start": { "line": 194, "column": 0 },
        "end": { "line": 194, "column": 24 }
      }
    },
    "fnMap": {
      "0": {
        "name": "(anonymous_0)",
        "decl": {
          "start": { "line": 15, "column": 21 },
          "end": { "line": 15, "column": 24 }
        },
        "loc": {
          "start": { "line": 15, "column": 26 },
          "end": { "line": 193, "column": 1 }
        }
      },
      "1": {
        "name": "(anonymous_1)",
        "decl": {
          "start": { "line": 28, "column": 46 },
          "end": { "line": 28, "column": 49 }
        },
        "loc": {
          "start": { "line": 28, "column": 51 },
          "end": { "line": 30, "column": 3 }
        }
      },
      "2": {
        "name": "(anonymous_2)",
        "decl": {
          "start": { "line": 32, "column": 27 },
          "end": { "line": 32, "column": 28 }
        },
        "loc": {
          "start": { "line": 32, "column": 70 },
          "end": { "line": 35, "column": 3 }
        }
      },
      "3": {
        "name": "(anonymous_3)",
        "decl": {
          "start": { "line": 36, "column": 28 },
          "end": { "line": 36, "column": 29 }
        },
        "loc": {
          "start": { "line": 36, "column": 71 },
          "end": { "line": 39, "column": 3 }
        }
      },
      "4": {
        "name": "(anonymous_4)",
        "decl": {
          "start": { "line": 41, "column": 31 },
          "end": { "line": 41, "column": 32 }
        },
        "loc": {
          "start": { "line": 41, "column": 74 },
          "end": { "line": 44, "column": 3 }
        }
      },
      "5": {
        "name": "(anonymous_5)",
        "decl": {
          "start": { "line": 45, "column": 24 },
          "end": { "line": 45, "column": 25 }
        },
        "loc": {
          "start": { "line": 45, "column": 71 },
          "end": { "line": 54, "column": 3 }
        }
      },
      "6": {
        "name": "(anonymous_6)",
        "decl": {
          "start": { "line": 48, "column": 12 },
          "end": { "line": 48, "column": 15 }
        },
        "loc": {
          "start": { "line": 49, "column": 8 },
          "end": { "line": 49, "column": 71 }
        }
      },
      "7": {
        "name": "(anonymous_7)",
        "decl": {
          "start": { "line": 49, "column": 18 },
          "end": { "line": 49, "column": 19 }
        },
        "loc": {
          "start": { "line": 49, "column": 35 },
          "end": { "line": 49, "column": 69 }
        }
      },
      "8": {
        "name": "(anonymous_8)",
        "decl": {
          "start": { "line": 51, "column": 13 },
          "end": { "line": 51, "column": 14 }
        },
        "loc": {
          "start": { "line": 52, "column": 8 },
          "end": { "line": 52, "column": 80 }
        }
      },
      "9": {
        "name": "(anonymous_9)",
        "decl": {
          "start": { "line": 52, "column": 18 },
          "end": { "line": 52, "column": 19 }
        },
        "loc": {
          "start": { "line": 52, "column": 35 },
          "end": { "line": 52, "column": 78 }
        }
      },
      "10": {
        "name": "(anonymous_10)",
        "decl": {
          "start": { "line": 56, "column": 39 },
          "end": { "line": 56, "column": 44 }
        },
        "loc": {
          "start": { "line": 60, "column": 6 },
          "end": { "line": 77, "column": 3 }
        }
      },
      "11": {
        "name": "(anonymous_11)",
        "decl": {
          "start": { "line": 78, "column": 23 },
          "end": { "line": 78, "column": 26 }
        },
        "loc": {
          "start": { "line": 78, "column": 28 },
          "end": { "line": 81, "column": 3 }
        }
      },
      "12": {
        "name": "(anonymous_12)",
        "decl": {
          "start": { "line": 83, "column": 38 },
          "end": { "line": 83, "column": 39 }
        },
        "loc": {
          "start": { "line": 83, "column": 54 },
          "end": { "line": 85, "column": 3 }
        }
      }
    },
    "branchMap": {
      "0": {
        "loc": {
          "start": { "line": 79, "column": 4 },
          "end": { "line": 79, "column": 69 }
        },
        "type": "if",
        "locations": [
          {
            "start": { "line": 79, "column": 4 },
            "end": { "line": 79, "column": 69 }
          }
        ]
      }
    },
    "s": {
      "0": 4,
      "1": 4,
      "2": 4,
      "3": 4,
      "4": 4,
      "5": 4,
      "6": 4,
      "7": 4,
      "8": 4,
      "9": 4,
      "10": 4,
      "11": 4,
      "12": 7,
      "13": 7,
      "14": 7,
      "15": 7,
      "16": 7,
      "17": 7,
      "18": 7,
      "19": 0,
      "20": 7,
      "21": 1,
      "22": 1,
      "23": 7,
      "24": 1,
      "25": 1,
      "26": 7,
      "27": 1,
      "28": 1,
      "29": 7,
      "30": 3,
      "31": 3,
      "32": 3,
      "33": 0,
      "34": 0,
      "35": 7,
      "36": 0,
      "37": 0,
      "38": 0,
      "39": 0,
      "40": 0,
      "41": 0,
      "42": 0,
      "43": 0,
      "44": 7,
      "45": 0,
      "46": 0,
      "47": 0,
      "48": 7,
      "49": 28,
      "50": 7,
      "51": 7,
      "52": 7,
      "53": 4
    },
    "f": {
      "0": 7,
      "1": 0,
      "2": 1,
      "3": 1,
      "4": 1,
      "5": 3,
      "6": 3,
      "7": 3,
      "8": 0,
      "9": 0,
      "10": 0,
      "11": 0,
      "12": 28
    },
    "b": { "0": [0] }
  },
  "H:\\graphiql-app\\graphiql-app\\graphiql-app\\src\\components\\response\\Response.tsx": {
    "path": "H:\\graphiql-app\\graphiql-app\\graphiql-app\\src\\components\\response\\Response.tsx",
    "statementMap": {
      "0": {
        "start": { "line": 2, "column": 0 },
        "end": { "line": 2, "column": 24 }
      },
      "1": {
        "start": { "line": 10, "column": 36 },
        "end": { "line": 22, "column": 1 }
      },
      "2": {
        "start": { "line": 11, "column": 2 },
        "end": { "line": 21, "column": 4 }
      },
      "3": {
        "start": { "line": 23, "column": 0 },
        "end": { "line": 23, "column": 24 }
      }
    },
    "fnMap": {
      "0": {
        "name": "(anonymous_0)",
        "decl": {
          "start": { "line": 10, "column": 36 },
          "end": { "line": 10, "column": 37 }
        },
        "loc": {
          "start": { "line": 10, "column": 74 },
          "end": { "line": 22, "column": 1 }
        }
      }
    },
    "branchMap": {
      "0": {
        "loc": {
          "start": { "line": 13, "column": 7 },
          "end": { "line": 13, "column": 41 }
        },
        "type": "binary-expr",
        "locations": [
          {
            "start": { "line": 13, "column": 7 },
            "end": { "line": 13, "column": 16 }
          },
          {
            "start": { "line": 13, "column": 20 },
            "end": { "line": 13, "column": 41 }
          }
        ]
      },
      "1": {
        "loc": {
          "start": { "line": 14, "column": 7 },
          "end": { "line": 15, "column": null }
        },
        "type": "binary-expr",
        "locations": [
          {
            "start": { "line": 14, "column": 7 },
            "end": { "line": 14, "column": 17 }
          },
          {
            "start": { "line": 14, "column": 21 },
            "end": { "line": 14, "column": 29 }
          },
          {
            "start": { "line": 15, "column": 8 },
            "end": { "line": 15, "column": 55 }
          }
        ]
      },
      "2": {
        "loc": {
          "start": { "line": 17, "column": 7 },
          "end": { "line": 18, "column": null }
        },
        "type": "binary-expr",
        "locations": [
          {
            "start": { "line": 17, "column": 7 },
            "end": { "line": 17, "column": 17 }
          },
          {
            "start": { "line": 17, "column": 21 },
            "end": { "line": 17, "column": 30 }
          },
          {
            "start": { "line": 18, "column": 8 },
            "end": { "line": 18, "column": 54 }
          }
        ]
      }
    },
    "s": { "0": 6, "1": 6, "2": 12, "3": 6 },
    "f": { "0": 12 },
    "b": { "0": [12, 0], "1": [12, 12, 0], "2": [12, 12, 12] }
  },
  "H:\\graphiql-app\\graphiql-app\\graphiql-app\\src\\context\\LanguageProvider.tsx": {
    "path": "H:\\graphiql-app\\graphiql-app\\graphiql-app\\src\\context\\LanguageProvider.tsx",
    "statementMap": {
      "0": {
        "start": { "line": 1, "column": 0 },
        "end": { "line": 1, "column": 64 }
      },
      "1": {
        "start": { "line": 7, "column": 0 },
        "end": { "line": 7, "column": 61 }
      },
      "2": {
        "start": { "line": 8, "column": 0 },
        "end": { "line": 8, "column": 61 }
      },
      "3": {
        "start": { "line": 10, "column": 27 },
        "end": { "line": 16, "column": 1 }
      },
      "4": {
        "start": { "line": 11, "column": 18 },
        "end": { "line": 11, "column": 45 }
      },
      "5": {
        "start": { "line": 12, "column": 2 },
        "end": { "line": 14, "column": 3 }
      },
      "6": {
        "start": { "line": 13, "column": 4 },
        "end": { "line": 13, "column": 74 }
      },
      "7": {
        "start": { "line": 15, "column": 2 },
        "end": { "line": 15, "column": 17 }
      },
      "8": {
        "start": { "line": 10, "column": 13 },
        "end": { "line": 10, "column": 27 }
      },
      "9": {
        "start": { "line": 17, "column": 13 },
        "end": { "line": 19, "column": 2 }
      },
      "10": {
        "start": { "line": 21, "column": 52 },
        "end": { "line": 38, "column": 1 }
      },
      "11": {
        "start": { "line": 22, "column": 34 },
        "end": { "line": 22, "column": 56 }
      },
      "12": {
        "start": { "line": 23, "column": 53 },
        "end": { "line": 26, "column": 4 }
      },
      "13": {
        "start": { "line": 27, "column": 25 },
        "end": { "line": 29, "column": 3 }
      },
      "14": {
        "start": { "line": 28, "column": 4 },
        "end": { "line": 28, "column": 29 }
      },
      "15": {
        "start": { "line": 31, "column": 2 },
        "end": { "line": 37, "column": 4 }
      },
      "16": {
        "start": { "line": 39, "column": 0 },
        "end": { "line": 39, "column": 32 }
      }
    },
    "fnMap": {
      "0": {
        "name": "(anonymous_0)",
        "decl": {
          "start": { "line": 10, "column": 27 },
          "end": { "line": 10, "column": 52 }
        },
        "loc": {
          "start": { "line": 10, "column": 54 },
          "end": { "line": 16, "column": 1 }
        }
      },
      "1": {
        "name": "(anonymous_1)",
        "decl": {
          "start": { "line": 21, "column": 52 },
          "end": { "line": 21, "column": 53 }
        },
        "loc": {
          "start": { "line": 21, "column": 69 },
          "end": { "line": 38, "column": 1 }
        }
      },
      "2": {
        "name": "(anonymous_2)",
        "decl": {
          "start": { "line": 27, "column": 25 },
          "end": { "line": 27, "column": 26 }
        },
        "loc": {
          "start": { "line": 27, "column": 49 },
          "end": { "line": 29, "column": 3 }
        }
      }
    },
    "branchMap": {
      "0": {
        "loc": {
          "start": { "line": 12, "column": 2 },
          "end": { "line": 14, "column": 3 }
        },
        "type": "if",
        "locations": [
          {
            "start": { "line": 12, "column": 2 },
            "end": { "line": 14, "column": 3 }
          }
        ]
      }
    },
    "s": {
      "0": 7,
      "1": 7,
      "2": 7,
      "3": 7,
      "4": 40,
      "5": 39,
      "6": 0,
      "7": 39,
      "8": 7,
      "9": 7,
      "10": 7,
      "11": 2,
      "12": 2,
      "13": 2,
      "14": 0,
      "15": 2,
      "16": 7
    },
    "f": { "0": 40, "1": 2, "2": 0 },
    "b": { "0": [0] }
  },
  "H:\\graphiql-app\\graphiql-app\\graphiql-app\\src\\firebase\\firebase.ts": {
    "path": "H:\\graphiql-app\\graphiql-app\\graphiql-app\\src\\firebase\\firebase.ts",
    "statementMap": {
      "0": {
        "start": { "line": 10, "column": 13 },
        "end": { "line": 18, "column": 2 }
      }
    },
    "fnMap": {},
    "branchMap": {},
    "s": { "0": 4 },
    "f": {},
    "b": {}
  },
  "H:\\graphiql-app\\graphiql-app\\graphiql-app\\src\\pages\\main\\Main.tsx": {
    "path": "H:\\graphiql-app\\graphiql-app\\graphiql-app\\src\\pages\\main\\Main.tsx",
    "statementMap": {
      "0": {
        "start": { "line": 1, "column": 0 },
        "end": { "line": 1, "column": 61 }
      },
      "1": {
        "start": { "line": 2, "column": 0 },
        "end": { "line": 2, "column": 37 }
      },
      "2": {
        "start": { "line": 3, "column": 0 },
        "end": { "line": 3, "column": 20 }
      },
      "3": {
        "start": { "line": 4, "column": 0 },
        "end": { "line": 4, "column": 73 }
      },
      "4": {
        "start": { "line": 5, "column": 0 },
        "end": { "line": 5, "column": 58 }
      },
      "5": {
        "start": { "line": 7, "column": 0 },
        "end": { "line": 7, "column": 42 }
      },
      "6": {
        "start": { "line": 8, "column": 0 },
        "end": { "line": 8, "column": 59 }
      },
      "7": {
        "start": { "line": 9, "column": 0 },
        "end": { "line": 9, "column": 57 }
      },
      "8": {
        "start": { "line": 10, "column": 0 },
        "end": { "line": 10, "column": 63 }
      },
      "9": {
        "start": { "line": 11, "column": 0 },
        "end": { "line": 11, "column": 65 }
      },
      "10": {
        "start": { "line": 12, "column": 0 },
        "end": { "line": 12, "column": 61 }
      },
      "11": {
        "start": { "line": 13, "column": 0 },
        "end": { "line": 13, "column": 61 }
      },
      "12": {
        "start": { "line": 25, "column": 23 },
        "end": { "line": 309, "column": 1 }
      },
      "13": {
        "start": { "line": 26, "column": 19 },
        "end": { "line": 26, "column": 32 }
      },
      "14": {
        "start": { "line": 27, "column": 37 },
        "end": { "line": 27, "column": 50 }
      },
      "15": {
        "start": { "line": 28, "column": 33 },
        "end": { "line": 30, "column": 3 }
      },
      "16": {
        "start": { "line": 29, "column": 4 },
        "end": { "line": 29, "column": 53 }
      },
      "17": {
        "start": { "line": 31, "column": 35 },
        "end": { "line": 34, "column": 3 }
      },
      "18": {
        "start": { "line": 32, "column": 17 },
        "end": { "line": 32, "column": 42 }
      },
      "19": {
        "start": { "line": 33, "column": 4 },
        "end": { "line": 33, "column": 42 }
      },
      "20": {
        "start": { "line": 35, "column": 34 },
        "end": { "line": 35, "column": 63 }
      },
      "21": {
        "start": { "line": 36, "column": 28 },
        "end": { "line": 37, "column": null }
      },
      "22": {
        "start": { "line": 39, "column": 36 },
        "end": { "line": 40, "column": null }
      },
      "23": {
        "start": { "line": 42, "column": 32 },
        "end": { "line": 43, "column": null }
      },
      "24": {
        "start": { "line": 45, "column": 34 },
        "end": { "line": 46, "column": null }
      },
      "25": {
        "start": { "line": 49, "column": 30 },
        "end": { "line": 50, "column": null }
      },
      "26": {
        "start": { "line": 52, "column": 36 },
        "end": { "line": 52, "column": 60 }
      },
      "27": {
        "start": { "line": 54, "column": 52 },
        "end": { "line": 54, "column": 76 }
      },
      "28": {
        "start": { "line": 56, "column": 4 },
        "end": { "line": 56, "column": 31 }
      },
      "29": {
        "start": { "line": 57, "column": 54 },
        "end": { "line": 57, "column": 79 }
      },
      "30": {
        "start": { "line": 58, "column": 44 },
        "end": { "line": 58, "column": 67 }
      },
      "31": {
        "start": { "line": 59, "column": 40 },
        "end": { "line": 59, "column": 64 }
      },
      "32": {
        "start": { "line": 61, "column": 21 },
        "end": { "line": 61, "column": 49 }
      },
      "33": {
        "start": { "line": 62, "column": 27 },
        "end": { "line": 62, "column": 55 }
      },
      "34": {
        "start": { "line": 63, "column": 23 },
        "end": { "line": 63, "column": 51 }
      },
      "35": {
        "start": { "line": 64, "column": 21 },
        "end": { "line": 64, "column": 49 }
      },
      "36": {
        "start": { "line": 66, "column": 26 },
        "end": { "line": 78, "column": 3 }
      },
      "37": {
        "start": { "line": 67, "column": 4 },
        "end": { "line": 67, "column": 27 }
      },
      "38": {
        "start": { "line": 68, "column": 4 },
        "end": { "line": 68, "column": 26 }
      },
      "39": {
        "start": { "line": 69, "column": 4 },
        "end": { "line": 69, "column": 39 }
      },
      "40": {
        "start": { "line": 70, "column": 4 },
        "end": { "line": 70, "column": 35 }
      },
      "41": {
        "start": { "line": 72, "column": 4 },
        "end": { "line": 74, "column": 5 }
      },
      "42": {
        "start": { "line": 73, "column": 6 },
        "end": { "line": 73, "column": 51 }
      },
      "43": {
        "start": { "line": 75, "column": 4 },
        "end": { "line": 77, "column": 5 }
      },
      "44": {
        "start": { "line": 76, "column": 6 },
        "end": { "line": 76, "column": 48 }
      },
      "45": {
        "start": { "line": 80, "column": 24 },
        "end": { "line": 92, "column": 3 }
      },
      "46": {
        "start": { "line": 81, "column": 4 },
        "end": { "line": 81, "column": 28 }
      },
      "47": {
        "start": { "line": 82, "column": 4 },
        "end": { "line": 82, "column": 25 }
      },
      "48": {
        "start": { "line": 83, "column": 4 },
        "end": { "line": 83, "column": 37 }
      },
      "49": {
        "start": { "line": 84, "column": 4 },
        "end": { "line": 84, "column": 37 }
      },
      "50": {
        "start": { "line": 86, "column": 4 },
        "end": { "line": 88, "column": 5 }
      },
      "51": {
        "start": { "line": 87, "column": 6 },
        "end": { "line": 87, "column": 50 }
      },
      "52": {
        "start": { "line": 89, "column": 4 },
        "end": { "line": 91, "column": 5 }
      },
      "53": {
        "start": { "line": 90, "column": 6 },
        "end": { "line": 90, "column": 49 }
      },
      "54": {
        "start": { "line": 94, "column": 30 },
        "end": { "line": 114, "column": 3 }
      },
      "55": {
        "start": { "line": 95, "column": 4 },
        "end": { "line": 95, "column": 45 }
      },
      "56": {
        "start": { "line": 97, "column": 4 },
        "end": { "line": 113, "column": 5 }
      },
      "57": {
        "start": { "line": 98, "column": 6 },
        "end": { "line": 100, "column": 7 }
      },
      "58": {
        "start": { "line": 99, "column": 8 },
        "end": { "line": 99, "column": 56 }
      },
      "59": {
        "start": { "line": 102, "column": 6 },
        "end": { "line": 104, "column": 7 }
      },
      "60": {
        "start": { "line": 103, "column": 8 },
        "end": { "line": 103, "column": 71 }
      },
      "61": {
        "start": { "line": 106, "column": 6 },
        "end": { "line": 108, "column": 7 }
      },
      "62": {
        "start": { "line": 107, "column": 8 },
        "end": { "line": 107, "column": 57 }
      },
      "63": {
        "start": { "line": 110, "column": 6 },
        "end": { "line": 112, "column": 7 }
      },
      "64": {
        "start": { "line": 111, "column": 8 },
        "end": { "line": 111, "column": 77 }
      },
      "65": {
        "start": { "line": 115, "column": 28 },
        "end": { "line": 120, "column": 3 }
      },
      "66": {
        "start": { "line": 116, "column": 18 },
        "end": { "line": 116, "column": 36 }
      },
      "67": {
        "start": { "line": 117, "column": 4 },
        "end": { "line": 117, "column": 20 }
      },
      "68": {
        "start": { "line": 118, "column": 4 },
        "end": { "line": 118, "column": 43 }
      },
      "69": {
        "start": { "line": 119, "column": 4 },
        "end": { "line": 119, "column": 37 }
      },
      "70": {
        "start": { "line": 122, "column": 32 },
        "end": { "line": 129, "column": 3 }
      },
      "71": {
        "start": { "line": 125, "column": 18 },
        "end": { "line": 125, "column": 36 }
      },
      "72": {
        "start": { "line": 126, "column": 4 },
        "end": { "line": 126, "column": 24 }
      },
      "73": {
        "start": { "line": 127, "column": 4 },
        "end": { "line": 127, "column": 47 }
      },
      "74": {
        "start": { "line": 128, "column": 4 },
        "end": { "line": 128, "column": 41 }
      },
      "75": {
        "start": { "line": 131, "column": 30 },
        "end": { "line": 138, "column": 3 }
      },
      "76": {
        "start": { "line": 134, "column": 18 },
        "end": { "line": 134, "column": 36 }
      },
      "77": {
        "start": { "line": 135, "column": 4 },
        "end": { "line": 135, "column": 22 }
      },
      "78": {
        "start": { "line": 136, "column": 4 },
        "end": { "line": 136, "column": 45 }
      },
      "79": {
        "start": { "line": 137, "column": 4 },
        "end": { "line": 137, "column": 39 }
      },
      "80": {
        "start": { "line": 140, "column": 29 },
        "end": { "line": 145, "column": 3 }
      },
      "81": {
        "start": { "line": 141, "column": 18 },
        "end": { "line": 141, "column": 36 }
      },
      "82": {
        "start": { "line": 142, "column": 4 },
        "end": { "line": 142, "column": 21 }
      },
      "83": {
        "start": { "line": 143, "column": 4 },
        "end": { "line": 143, "column": 44 }
      },
      "84": {
        "start": { "line": 144, "column": 4 },
        "end": { "line": 144, "column": 36 }
      },
      "85": {
        "start": { "line": 147, "column": 23 },
        "end": { "line": 182, "column": 3 }
      },
      "86": {
        "start": { "line": 148, "column": 4 },
        "end": { "line": 148, "column": 23 }
      },
      "87": {
        "start": { "line": 149, "column": 4 },
        "end": { "line": 181, "column": 5 }
      },
      "88": {
        "start": { "line": 150, "column": 55 },
        "end": { "line": 150, "column": 57 }
      },
      "89": {
        "start": { "line": 151, "column": 6 },
        "end": { "line": 157, "column": 7 }
      },
      "90": {
        "start": { "line": 152, "column": 29 },
        "end": { "line": 152, "column": 47 }
      },
      "91": {
        "start": { "line": 153, "column": 8 },
        "end": { "line": 156, "column": 11 }
      },
      "92": {
        "start": { "line": 154, "column": 31 },
        "end": { "line": 154, "column": 48 }
      },
      "93": {
        "start": { "line": 155, "column": 10 },
        "end": { "line": 155, "column": 51 }
      },
      "94": {
        "start": { "line": 159, "column": 22 },
        "end": { "line": 169, "column": 8 }
      },
      "95": {
        "start": { "line": 171, "column": 19 },
        "end": { "line": 171, "column": 39 }
      },
      "96": {
        "start": { "line": 172, "column": 6 },
        "end": { "line": 172, "column": 24 }
      },
      "97": {
        "start": { "line": 173, "column": 6 },
        "end": { "line": 173, "column": 47 }
      },
      "98": {
        "start": { "line": 174, "column": 6 },
        "end": { "line": 174, "column": 24 }
      },
      "99": {
        "start": { "line": 176, "column": 6 },
        "end": { "line": 176, "column": 51 }
      },
      "100": {
        "start": { "line": 177, "column": 6 },
        "end": { "line": 177, "column": 43 }
      },
      "101": {
        "start": { "line": 178, "column": 6 },
        "end": { "line": 178, "column": 61 }
      },
      "102": {
        "start": { "line": 180, "column": 6 },
        "end": { "line": 180, "column": 26 }
      },
      "103": {
        "start": { "line": 184, "column": 29 },
        "end": { "line": 188, "column": 3 }
      },
      "104": {
        "start": { "line": 185, "column": 4 },
        "end": { "line": 185, "column": 19 }
      },
      "105": {
        "start": { "line": 187, "column": 4 },
        "end": { "line": 187, "column": 43 }
      },
      "106": {
        "start": { "line": 190, "column": 2 },
        "end": { "line": 308, "column": 4 }
      },
      "107": {
        "start": { "line": 311, "column": 0 },
        "end": { "line": 311, "column": 20 }
      }
    },
    "fnMap": {
      "0": {
        "name": "(anonymous_0)",
        "decl": {
          "start": { "line": 25, "column": 23 },
          "end": { "line": 25, "column": 26 }
        },
        "loc": {
          "start": { "line": 25, "column": 28 },
          "end": { "line": 309, "column": 1 }
        }
      },
      "1": {
        "name": "(anonymous_1)",
        "decl": {
          "start": { "line": 28, "column": 33 },
          "end": { "line": 28, "column": 34 }
        },
        "loc": {
          "start": { "line": 28, "column": 70 },
          "end": { "line": 30, "column": 3 }
        }
      },
      "2": {
        "name": "(anonymous_2)",
        "decl": {
          "start": { "line": 31, "column": 35 },
          "end": { "line": 31, "column": 36 }
        },
        "loc": {
          "start": { "line": 31, "column": 66 },
          "end": { "line": 34, "column": 3 }
        }
      },
      "3": {
        "name": "(anonymous_3)",
        "decl": {
          "start": { "line": 66, "column": 26 },
          "end": { "line": 66, "column": 29 }
        },
        "loc": {
          "start": { "line": 66, "column": 31 },
          "end": { "line": 78, "column": 3 }
        }
      },
      "4": {
        "name": "(anonymous_4)",
        "decl": {
          "start": { "line": 80, "column": 24 },
          "end": { "line": 80, "column": 27 }
        },
        "loc": {
          "start": { "line": 80, "column": 29 },
          "end": { "line": 92, "column": 3 }
        }
      },
      "5": {
        "name": "(anonymous_5)",
        "decl": {
          "start": { "line": 94, "column": 30 },
          "end": { "line": 94, "column": 33 }
        },
        "loc": {
          "start": { "line": 94, "column": 35 },
          "end": { "line": 114, "column": 3 }
        }
      },
      "6": {
        "name": "(anonymous_6)",
        "decl": {
          "start": { "line": 115, "column": 28 },
          "end": { "line": 115, "column": 29 }
        },
        "loc": {
          "start": { "line": 115, "column": 78 },
          "end": { "line": 120, "column": 3 }
        }
      },
      "7": {
        "name": "(anonymous_7)",
        "decl": {
          "start": { "line": 122, "column": 32 },
          "end": { "line": 122, "column": null }
        },
        "loc": {
          "start": { "line": 124, "column": 12 },
          "end": { "line": 129, "column": 3 }
        }
      },
      "8": {
        "name": "(anonymous_8)",
        "decl": {
          "start": { "line": 131, "column": 30 },
          "end": { "line": 131, "column": null }
        },
        "loc": {
          "start": { "line": 133, "column": 12 },
          "end": { "line": 138, "column": 3 }
        }
      },
      "9": {
        "name": "(anonymous_9)",
        "decl": {
          "start": { "line": 140, "column": 29 },
          "end": { "line": 140, "column": 30 }
        },
        "loc": {
          "start": { "line": 140, "column": 76 },
          "end": { "line": 145, "column": 3 }
        }
      },
      "10": {
        "name": "(anonymous_10)",
        "decl": {
          "start": { "line": 147, "column": 23 },
          "end": { "line": 147, "column": 28 }
        },
        "loc": {
          "start": { "line": 147, "column": 34 },
          "end": { "line": 182, "column": 3 }
        }
      },
      "11": {
        "name": "(anonymous_11)",
        "decl": {
          "start": { "line": 153, "column": 29 },
          "end": { "line": 153, "column": 30 }
        },
        "loc": {
          "start": { "line": 153, "column": 40 },
          "end": { "line": 156, "column": 9 }
        }
      },
      "12": {
        "name": "(anonymous_12)",
        "decl": {
          "start": { "line": 184, "column": 29 },
          "end": { "line": 184, "column": 32 }
        },
        "loc": {
          "start": { "line": 184, "column": 34 },
          "end": { "line": 188, "column": 3 }
        }
      }
    },
    "branchMap": {
      "0": {
        "loc": {
          "start": { "line": 33, "column": 11 },
          "end": { "line": 33, "column": 41 }
        },
        "type": "cond-expr",
        "locations": [
          {
            "start": { "line": 33, "column": 18 },
            "end": { "line": 33, "column": 34 }
          },
          {
            "start": { "line": 33, "column": 37 },
            "end": { "line": 33, "column": 41 }
          }
        ]
      },
      "1": {
        "loc": {
          "start": { "line": 37, "column": 4 },
          "end": { "line": 37, "column": 43 }
        },
        "type": "binary-expr",
        "locations": [
          {
            "start": { "line": 37, "column": 4 },
            "end": { "line": 37, "column": 37 }
          },
          {
            "start": { "line": 37, "column": 41 },
            "end": { "line": 37, "column": 43 }
          }
        ]
      },
      "2": {
        "loc": {
          "start": { "line": 40, "column": 4 },
          "end": { "line": 40, "column": 47 }
        },
        "type": "binary-expr",
        "locations": [
          {
            "start": { "line": 40, "column": 4 },
            "end": { "line": 40, "column": 41 }
          },
          {
            "start": { "line": 40, "column": 45 },
            "end": { "line": 40, "column": 47 }
          }
        ]
      },
      "3": {
        "loc": {
          "start": { "line": 43, "column": 4 },
          "end": { "line": 43, "column": 45 }
        },
        "type": "binary-expr",
        "locations": [
          {
            "start": { "line": 43, "column": 4 },
            "end": { "line": 43, "column": 39 }
          },
          {
            "start": { "line": 43, "column": 43 },
            "end": { "line": 43, "column": 45 }
          }
        ]
      },
      "4": {
        "loc": {
          "start": { "line": 46, "column": 4 },
          "end": { "line": 46, "column": 48 }
        },
        "type": "binary-expr",
        "locations": [
          {
            "start": { "line": 46, "column": 4 },
            "end": { "line": 46, "column": 40 }
          },
          {
            "start": { "line": 46, "column": 44 },
            "end": { "line": 46, "column": 48 }
          }
        ]
      },
      "5": {
        "loc": {
          "start": { "line": 50, "column": 4 },
          "end": { "line": 50, "column": 44 }
        },
        "type": "binary-expr",
        "locations": [
          {
            "start": { "line": 50, "column": 4 },
            "end": { "line": 50, "column": 38 }
          },
          {
            "start": { "line": 50, "column": 42 },
            "end": { "line": 50, "column": 44 }
          }
        ]
      },
      "6": {
        "loc": {
          "start": { "line": 72, "column": 4 },
          "end": { "line": 74, "column": 5 }
        },
        "type": "if",
        "locations": [
          {
            "start": { "line": 72, "column": 4 },
            "end": { "line": 74, "column": 5 }
          }
        ]
      },
      "7": {
        "loc": {
          "start": { "line": 75, "column": 4 },
          "end": { "line": 77, "column": 5 }
        },
        "type": "if",
        "locations": [
          {
            "start": { "line": 75, "column": 4 },
            "end": { "line": 77, "column": 5 }
          }
        ]
      },
      "8": {
        "loc": {
          "start": { "line": 86, "column": 4 },
          "end": { "line": 88, "column": 5 }
        },
        "type": "if",
        "locations": [
          {
            "start": { "line": 86, "column": 4 },
            "end": { "line": 88, "column": 5 }
          }
        ]
      },
      "9": {
        "loc": {
          "start": { "line": 89, "column": 4 },
          "end": { "line": 91, "column": 5 }
        },
        "type": "if",
        "locations": [
          {
            "start": { "line": 89, "column": 4 },
            "end": { "line": 91, "column": 5 }
          }
        ]
      },
      "10": {
        "loc": {
          "start": { "line": 97, "column": 4 },
          "end": { "line": 113, "column": 5 }
        },
        "type": "if",
        "locations": [
          {
            "start": { "line": 97, "column": 4 },
            "end": { "line": 113, "column": 5 }
          },
          {
            "start": { "line": 105, "column": 11 },
            "end": { "line": 113, "column": 5 }
          }
        ]
      },
      "11": {
        "loc": {
          "start": { "line": 98, "column": 6 },
          "end": { "line": 100, "column": 7 }
        },
        "type": "if",
        "locations": [
          {
            "start": { "line": 98, "column": 6 },
            "end": { "line": 100, "column": 7 }
          }
        ]
      },
      "12": {
        "loc": {
          "start": { "line": 102, "column": 6 },
          "end": { "line": 104, "column": 7 }
        },
        "type": "if",
        "locations": [
          {
            "start": { "line": 102, "column": 6 },
            "end": { "line": 104, "column": 7 }
          }
        ]
      },
      "13": {
        "loc": {
          "start": { "line": 106, "column": 6 },
          "end": { "line": 108, "column": 7 }
        },
        "type": "if",
        "locations": [
          {
            "start": { "line": 106, "column": 6 },
            "end": { "line": 108, "column": 7 }
          }
        ]
      },
      "14": {
        "loc": {
          "start": { "line": 110, "column": 6 },
          "end": { "line": 112, "column": 7 }
        },
        "type": "if",
        "locations": [
          {
            "start": { "line": 110, "column": 6 },
            "end": { "line": 112, "column": 7 }
          }
        ]
      },
      "15": {
        "loc": {
          "start": { "line": 151, "column": 6 },
          "end": { "line": 157, "column": 7 }
        },
        "type": "if",
        "locations": [
          {
            "start": { "line": 151, "column": 6 },
            "end": { "line": 157, "column": 7 }
          }
        ]
      },
      "16": {
        "loc": {
          "start": { "line": 167, "column": 21 },
          "end": { "line": 167, "column": 66 }
        },
        "type": "cond-expr",
        "locations": [
          {
            "start": { "line": 167, "column": 33 },
            "end": { "line": 167, "column": 54 }
          },
          {
            "start": { "line": 167, "column": 57 },
            "end": { "line": 167, "column": 66 }
          }
        ]
      },
      "17": {
        "loc": {
          "start": { "line": 237, "column": 9 },
          "end": { "line": 237, "column": 63 }
        },
        "type": "binary-expr",
        "locations": [
          {
            "start": { "line": 237, "column": 9 },
            "end": { "line": 237, "column": 26 }
          },
          {
            "start": { "line": 237, "column": 30 },
            "end": { "line": 237, "column": 63 }
          }
        ]
      },
      "18": {
        "loc": {
          "start": { "line": 275, "column": 27 },
          "end": { "line": 275, "column": 72 }
        },
        "type": "cond-expr",
        "locations": [
          {
            "start": { "line": 275, "column": 41 },
            "end": { "line": 275, "column": 61 }
          },
          {
            "start": { "line": 275, "column": 64 },
            "end": { "line": 275, "column": 72 }
          }
        ]
      },
      "19": {
        "loc": {
          "start": { "line": 287, "column": 27 },
          "end": { "line": 287, "column": 76 }
        },
        "type": "cond-expr",
        "locations": [
          {
            "start": { "line": 287, "column": 43 },
            "end": { "line": 287, "column": 65 }
          },
          {
            "start": { "line": 287, "column": 68 },
            "end": { "line": 287, "column": 76 }
          }
        ]
      }
    },
    "s": {
      "0": 5,
      "1": 5,
      "2": 5,
      "3": 5,
      "4": 5,
      "5": 5,
      "6": 5,
      "7": 5,
      "8": 5,
      "9": 5,
      "10": 5,
      "11": 5,
      "12": 5,
      "13": 9,
      "14": 9,
      "15": 9,
      "16": 4,
      "17": 9,
      "18": 45,
      "19": 45,
      "20": 9,
      "21": 9,
      "22": 9,
      "23": 9,
      "24": 9,
      "25": 9,
      "26": 9,
      "27": 9,
      "28": 9,
      "29": 9,
      "30": 9,
      "31": 9,
      "32": 9,
      "33": 9,
      "34": 9,
      "35": 9,
      "36": 9,
      "37": 0,
      "38": 0,
      "39": 0,
      "40": 0,
      "41": 0,
      "42": 0,
      "43": 0,
      "44": 0,
      "45": 9,
      "46": 0,
      "47": 0,
      "48": 0,
      "49": 0,
      "50": 0,
      "51": 0,
      "52": 0,
      "53": 0,
      "54": 9,
      "55": 0,
      "56": 0,
      "57": 0,
      "58": 0,
      "59": 0,
      "60": 0,
      "61": 0,
      "62": 0,
      "63": 0,
      "64": 0,
      "65": 9,
      "66": 1,
      "67": 1,
      "68": 1,
      "69": 1,
      "70": 9,
      "71": 1,
      "72": 1,
      "73": 1,
      "74": 1,
      "75": 9,
      "76": 1,
      "77": 1,
      "78": 1,
      "79": 1,
      "80": 9,
      "81": 1,
      "82": 1,
      "83": 1,
      "84": 1,
      "85": 9,
      "86": 0,
      "87": 0,
      "88": 0,
      "89": 0,
      "90": 0,
      "91": 0,
      "92": 0,
      "93": 0,
      "94": 0,
      "95": 0,
      "96": 0,
      "97": 0,
      "98": 0,
      "99": 0,
      "100": 0,
      "101": 0,
      "102": 0,
      "103": 9,
      "104": 0,
      "105": 0,
      "106": 9,
      "107": 5
    },
    "f": {
      "0": 9,
      "1": 4,
      "2": 45,
      "3": 0,
      "4": 0,
      "5": 0,
      "6": 1,
      "7": 1,
      "8": 1,
      "9": 1,
      "10": 0,
      "11": 0,
      "12": 0
    },
    "b": {
      "0": [16, 29],
      "1": [9, 2],
      "2": [9, 6],
      "3": [9, 8],
      "4": [9, 9],
      "5": [9, 4],
      "6": [0],
      "7": [0],
      "8": [0],
      "9": [0],
      "10": [0, 0],
      "11": [0],
      "12": [0],
      "13": [0],
      "14": [0],
      "15": [0],
      "16": [0, 0],
      "17": [9, 0],
      "18": [0, 9],
      "19": [9, 0]
    }
  },
  "H:\\graphiql-app\\graphiql-app\\graphiql-app\\src\\pages\\page_404\\Page_404.tsx": {
    "path": "H:\\graphiql-app\\graphiql-app\\graphiql-app\\src\\pages\\page_404\\Page_404.tsx",
    "statementMap": {
      "0": {
        "start": { "line": 3, "column": 21 },
        "end": { "line": 5, "column": 1 }
      },
      "1": {
        "start": { "line": 4, "column": 2 },
        "end": { "line": 4, "column": 29 }
      },
      "2": {
        "start": { "line": 6, "column": 0 },
        "end": { "line": 6, "column": 24 }
      }
    },
    "fnMap": {
      "0": {
        "name": "(anonymous_0)",
        "decl": {
          "start": { "line": 3, "column": 21 },
          "end": { "line": 3, "column": 24 }
        },
        "loc": {
          "start": { "line": 3, "column": 26 },
          "end": { "line": 5, "column": 1 }
        }
      }
    },
    "branchMap": {},
    "s": { "0": 5, "1": 1, "2": 5 },
    "f": { "0": 1 },
    "b": {}
  },
  "H:\\graphiql-app\\graphiql-app\\graphiql-app\\src\\pages\\welcome\\Welcome.tsx": {
    "path": "H:\\graphiql-app\\graphiql-app\\graphiql-app\\src\\pages\\welcome\\Welcome.tsx",
    "statementMap": {
      "0": {
        "start": { "line": 1, "column": 0 },
        "end": { "line": 1, "column": 61 }
      },
      "1": {
        "start": { "line": 2, "column": 0 },
        "end": { "line": 2, "column": 23 }
      },
      "2": {
        "start": { "line": 5, "column": 20 },
        "end": { "line": 93, "column": 1 }
      },
      "3": {
        "start": { "line": 6, "column": 37 },
        "end": { "line": 6, "column": 50 }
      },
      "4": {
        "start": { "line": 7, "column": 2 },
        "end": { "line": 92, "column": 4 }
      },
      "5": {
        "start": { "line": 94, "column": 0 },
        "end": { "line": 94, "column": 23 }
      }
    },
    "fnMap": {
      "0": {
        "name": "(anonymous_0)",
        "decl": {
          "start": { "line": 5, "column": 20 },
          "end": { "line": 5, "column": 23 }
        },
        "loc": {
          "start": { "line": 5, "column": 25 },
          "end": { "line": 93, "column": 1 }
        }
      }
    },
    "branchMap": {},
    "s": { "0": 5, "1": 5, "2": 5, "3": 2, "4": 2, "5": 5 },
    "f": { "0": 2 },
    "b": {}
  },
  "H:\\graphiql-app\\graphiql-app\\graphiql-app\\src\\redux\\endpointSlice.ts": {
    "path": "H:\\graphiql-app\\graphiql-app\\graphiql-app\\src\\redux\\endpointSlice.ts",
    "statementMap": {
      "0": {
        "start": { "line": 1, "column": 0 },
        "end": { "line": 1, "column": 47 }
      },
      "1": {
        "start": { "line": 8, "column": 35 },
        "end": { "line": 10, "column": 2 }
      },
      "2": {
        "start": { "line": 12, "column": 13 },
        "end": { "line": 20, "column": 3 }
      },
      "3": {
        "start": { "line": 17, "column": 6 },
        "end": { "line": 17, "column": 36 }
      },
      "4": {
        "start": { "line": 22, "column": 15 },
        "end": { "line": 22, "column": 56 }
      },
      "5": {
        "start": { "line": 23, "column": 0 },
        "end": { "line": 23, "column": 37 }
      }
    },
    "fnMap": {
      "0": {
        "name": "(anonymous_0)",
        "decl": {
          "start": { "line": 16, "column": 4 },
          "end": { "line": 16, "column": 18 }
        },
        "loc": {
          "start": { "line": 16, "column": 55 },
          "end": { "line": 18, "column": 5 }
        }
      }
    },
    "branchMap": {},
    "s": { "0": 5, "1": 5, "2": 5, "3": 1, "4": 5, "5": 5 },
    "f": { "0": 1 },
    "b": {}
  },
  "H:\\graphiql-app\\graphiql-app\\graphiql-app\\src\\redux\\headersSlice.ts": {
    "path": "H:\\graphiql-app\\graphiql-app\\graphiql-app\\src\\redux\\headersSlice.ts",
    "statementMap": {
      "0": {
        "start": { "line": 1, "column": 0 },
        "end": { "line": 1, "column": 47 }
      },
      "1": {
        "start": { "line": 8, "column": 35 },
        "end": { "line": 10, "column": 2 }
      },
      "2": {
        "start": { "line": 12, "column": 13 },
        "end": { "line": 20, "column": 3 }
      },
      "3": {
        "start": { "line": 17, "column": 6 },
        "end": { "line": 17, "column": 44 }
      },
      "4": {
        "start": { "line": 22, "column": 15 },
        "end": { "line": 22, "column": 58 }
      },
      "5": {
        "start": { "line": 23, "column": 0 },
        "end": { "line": 23, "column": 36 }
      }
    },
    "fnMap": {
      "0": {
        "name": "(anonymous_0)",
        "decl": {
          "start": { "line": 16, "column": 4 },
          "end": { "line": 16, "column": 21 }
        },
        "loc": {
          "start": { "line": 16, "column": 58 },
          "end": { "line": 18, "column": 5 }
        }
      }
    },
    "branchMap": {},
    "s": { "0": 5, "1": 5, "2": 5, "3": 1, "4": 5, "5": 5 },
    "f": { "0": 1 },
    "b": {}
  },
  "H:\\graphiql-app\\graphiql-app\\graphiql-app\\src\\redux\\querySlice.ts": {
    "path": "H:\\graphiql-app\\graphiql-app\\graphiql-app\\src\\redux\\querySlice.ts",
    "statementMap": {
      "0": {
        "start": { "line": 1, "column": 0 },
        "end": { "line": 1, "column": 47 }
      },
      "1": {
        "start": { "line": 8, "column": 35 },
        "end": { "line": 10, "column": 2 }
      },
      "2": {
        "start": { "line": 12, "column": 13 },
        "end": { "line": 20, "column": 3 }
      },
      "3": {
        "start": { "line": 17, "column": 6 },
        "end": { "line": 17, "column": 42 }
      },
      "4": {
        "start": { "line": 22, "column": 15 },
        "end": { "line": 22, "column": 54 }
      },
      "5": {
        "start": { "line": 23, "column": 0 },
        "end": { "line": 23, "column": 34 }
      }
    },
    "fnMap": {
      "0": {
        "name": "(anonymous_0)",
        "decl": {
          "start": { "line": 16, "column": 4 },
          "end": { "line": 16, "column": 19 }
        },
        "loc": {
          "start": { "line": 16, "column": 56 },
          "end": { "line": 18, "column": 5 }
        }
      }
    },
    "branchMap": {},
    "s": { "0": 5, "1": 5, "2": 5, "3": 1, "4": 5, "5": 5 },
    "f": { "0": 1 },
    "b": {}
  },
  "H:\\graphiql-app\\graphiql-app\\graphiql-app\\src\\redux\\responseSlice.ts": {
    "path": "H:\\graphiql-app\\graphiql-app\\graphiql-app\\src\\redux\\responseSlice.ts",
    "statementMap": {
      "0": {
        "start": { "line": 1, "column": 0 },
        "end": { "line": 1, "column": 47 }
      },
      "1": {
        "start": { "line": 8, "column": 35 },
        "end": { "line": 10, "column": 2 }
      },
      "2": {
        "start": { "line": 12, "column": 13 },
        "end": { "line": 20, "column": 3 }
      },
      "3": {
        "start": { "line": 17, "column": 6 },
        "end": { "line": 17, "column": 45 }
      },
      "4": {
        "start": { "line": 22, "column": 15 },
        "end": { "line": 22, "column": 57 }
      },
      "5": {
        "start": { "line": 23, "column": 0 },
        "end": { "line": 23, "column": 34 }
      }
    },
    "fnMap": {
      "0": {
        "name": "(anonymous_0)",
        "decl": {
          "start": { "line": 16, "column": 4 },
          "end": { "line": 16, "column": 22 }
        },
        "loc": {
          "start": { "line": 16, "column": 66 },
          "end": { "line": 18, "column": 5 }
        }
      }
    },
    "branchMap": {},
    "s": { "0": 5, "1": 5, "2": 5, "3": 0, "4": 5, "5": 5 },
    "f": { "0": 0 },
    "b": {}
  },
  "H:\\graphiql-app\\graphiql-app\\graphiql-app\\src\\redux\\store.ts": {
    "path": "H:\\graphiql-app\\graphiql-app\\graphiql-app\\src\\redux\\store.ts",
    "statementMap": {
      "0": {
        "start": { "line": 1, "column": 0 },
        "end": { "line": 1, "column": 50 }
      },
      "1": {
        "start": { "line": 2, "column": 0 },
        "end": { "line": 2, "column": 44 }
      },
      "2": {
        "start": { "line": 3, "column": 0 },
        "end": { "line": 3, "column": 38 }
      },
      "3": {
        "start": { "line": 4, "column": 0 },
        "end": { "line": 4, "column": 44 }
      },
      "4": {
        "start": { "line": 5, "column": 0 },
        "end": { "line": 5, "column": 46 }
      },
      "5": {
        "start": { "line": 6, "column": 0 },
        "end": { "line": 6, "column": 42 }
      },
      "6": {
        "start": { "line": 8, "column": 13 },
        "end": { "line": 16, "column": 3 }
      }
    },
    "fnMap": {},
    "branchMap": {},
    "s": { "0": 5, "1": 5, "2": 5, "3": 5, "4": 5, "5": 5, "6": 5 },
    "f": {},
    "b": {}
  },
  "H:\\graphiql-app\\graphiql-app\\graphiql-app\\src\\redux\\variablesSlice.ts": {
    "path": "H:\\graphiql-app\\graphiql-app\\graphiql-app\\src\\redux\\variablesSlice.ts",
    "statementMap": {
      "0": {
        "start": { "line": 1, "column": 0 },
        "end": { "line": 1, "column": 47 }
      },
      "1": {
        "start": { "line": 8, "column": 35 },
        "end": { "line": 10, "column": 2 }
      },
      "2": {
        "start": { "line": 12, "column": 13 },
        "end": { "line": 20, "column": 3 }
      },
      "3": {
        "start": { "line": 17, "column": 6 },
        "end": { "line": 17, "column": 46 }
      },
      "4": {
        "start": { "line": 22, "column": 15 },
        "end": { "line": 22, "column": 62 }
      },
      "5": {
        "start": { "line": 23, "column": 0 },
        "end": { "line": 23, "column": 38 }
      }
    },
    "fnMap": {
      "0": {
        "name": "(anonymous_0)",
        "decl": {
          "start": { "line": 16, "column": 4 },
          "end": { "line": 16, "column": 23 }
        },
        "loc": {
          "start": { "line": 16, "column": 60 },
          "end": { "line": 18, "column": 5 }
        }
      }
    },
    "branchMap": {},
    "s": { "0": 5, "1": 5, "2": 5, "3": 1, "4": 5, "5": 5 },
    "f": { "0": 1 },
    "b": {}
  },
  "H:\\graphiql-app\\graphiql-app\\graphiql-app\\src\\utils\\consts.tsx": {
    "path": "H:\\graphiql-app\\graphiql-app\\graphiql-app\\src\\utils\\consts.tsx",
    "statementMap": {
      "0": {
        "start": { "line": 1, "column": 13 },
        "end": { "line": 1, "column": 36 }
      },
      "1": {
        "start": { "line": 2, "column": 13 },
        "end": { "line": 2, "column": 38 }
      },
      "2": {
        "start": { "line": 3, "column": 13 },
        "end": { "line": 3, "column": 33 }
      },
      "3": {
        "start": { "line": 4, "column": 13 },
        "end": { "line": 4, "column": 50 }
      }
    },
    "fnMap": {},
    "branchMap": {},
    "s": { "0": 4, "1": 4, "2": 4, "3": 4 },
    "f": {},
    "b": {}
  }
}
