TN:
SF:src\App.tsx
FN:21,(anonymous_0)
FN:29,(anonymous_1)
FNF:2
FNH:1
FNDA:3,(anonymous_0)
FNDA:0,(anonymous_1)
DA:1,4
DA:2,4
DA:3,4
DA:9,4
DA:10,4
DA:11,4
DA:12,4
DA:13,4
DA:14,4
DA:15,4
DA:16,4
DA:17,4
DA:18,4
DA:19,4
DA:21,4
DA:22,3
DA:24,2
DA:25,2
DA:26,2
DA:29,0
DA:30,0
DA:44,0
DA:55,4
LF:23
LH:20
BRDA:25,0,0,2
BRDA:34,1,0,0
BRDA:34,1,1,0
BRF:3
BRH:1
end_of_record
TN:
SF:src\main.tsx
FN:34,(anonymous_0)
FN:42,(anonymous_1)
FN:48,(anonymous_2)
FN:80,(anonymous_3)
FNF:4
FNH:2
FNDA:26,(anonymous_0)
FNDA:2,(anonymous_1)
FNDA:0,(anonymous_2)
FNDA:0,(anonymous_3)
DA:1,4
DA:2,4
DA:3,4
DA:4,4
DA:10,4
DA:19,4
DA:20,4
DA:26,4
DA:28,4
DA:30,4
DA:34,4
DA:35,26
DA:36,26
DA:37,0
DA:39,26
DA:42,4
DA:43,2
DA:44,2
DA:48,2
DA:49,0
DA:52,2
DA:67,4
DA:76,4
DA:77,4
DA:78,4
DA:79,4
DA:80,4
DA:81,0
DA:82,0
DA:83,0
DA:84,0
DA:85,0
DA:86,0
DA:87,0
DA:95,0
DA:96,0
DA:97,0
DA:100,4
DA:101,4
DA:103,4
DA:105,4
DA:106,4
LF:42
LH:30
BRDA:36,0,0,0
BRDA:86,1,0,0
BRDA:103,2,0,4
BRDA:103,2,1,4
BRF:4
BRH:2
end_of_record
TN:
SF:src\components\documentation\Documentation.tsx
FN:8,(anonymous_0)
FN:11,(anonymous_1)
FN:13,(anonymous_2)
FN:45,(anonymous_3)
FNF:4
FNH:4
FNDA:3,(anonymous_0)
FNDA:2,(anonymous_1)
FNDA:2,(anonymous_2)
FNDA:2,(anonymous_3)
DA:1,6
DA:2,6
DA:8,6
DA:9,3
DA:11,3
DA:12,2
DA:13,2
DA:14,2
DA:15,2
DA:32,1
DA:33,1
DA:35,1
DA:38,2
DA:42,3
DA:45,2
DA:49,6
LF:16
LH:16
BRDA:12,0,0,2
BRF:1
BRH:1
end_of_record
TN:
SF:src\components\footer\Footer.tsx
FN:5,(anonymous_0)
FNF:1
FNH:1
FNDA:2,(anonymous_0)
DA:3,5
DA:5,5
DA:6,2
DA:42,5
LF:4
LH:4
BRF:0
BRH:0
end_of_record
TN:
SF:src\components\header\Header.tsx
FN:14,(anonymous_0)
FN:20,(anonymous_1)
FN:51,(anonymous_2)
FNF:3
FNH:2
FNDA:7,(anonymous_0)
FNDA:3,(anonymous_1)
FNDA:0,(anonymous_2)
DA:1,4
DA:2,4
DA:3,4
DA:9,4
DA:10,4
DA:11,4
DA:12,4
DA:14,4
DA:15,7
DA:16,6
DA:17,6
DA:19,6
DA:20,6
DA:21,3
DA:22,3
DA:24,0
DA:26,6
DA:51,0
DA:82,4
LF:19
LH:17
BRDA:21,0,0,3
BRDA:24,1,0,0
BRDA:43,2,0,0
BRDA:43,2,1,6
BRF:4
BRH:2
end_of_record
TN:
SF:src\components\loader\Loader.tsx
FN:4,(anonymous_0)
FNF:1
FNH:1
FNDA:3,(anonymous_0)
DA:2,5
DA:4,5
DA:5,3
DA:11,5
LF:4
LH:4
BRF:0
BRH:0
end_of_record
TN:
SF:src\components\localization\Languages.tsx
FN:7,(anonymous_0)
FN:10,(anonymous_1)
FN:13,(anonymous_2)
FN:26,(anonymous_3)
FN:32,(anonymous_4)
FNF:5
FNH:2
FNDA:10,(anonymous_0)
FNDA:2,(anonymous_1)
FNDA:0,(anonymous_2)
FNDA:0,(anonymous_3)
FNDA:0,(anonymous_4)
DA:1,5
DA:2,5
DA:3,5
DA:7,5
DA:8,10
DA:9,10
DA:10,10
DA:11,2
DA:13,10
DA:14,0
DA:15,0
DA:18,10
DA:26,0
DA:32,0
DA:43,5
LF:15
LH:11
BRDA:21,0,0,10
BRDA:21,0,1,1
BRF:2
BRH:2
end_of_record
TN:
SF:src\components\login\Login.tsx
FN:6,(anonymous_0)
FN:13,(anonymous_1)
FN:38,(anonymous_2)
FN:52,(anonymous_3)
FN:62,(anonymous_4)
FNF:5
FNH:5
FNDA:8,(anonymous_0)
FNDA:1,(anonymous_1)
FNDA:2,(anonymous_2)
FNDA:2,(anonymous_3)
FNDA:1,(anonymous_4)
DA:1,4
DA:2,4
DA:3,4
DA:4,4
DA:6,4
DA:7,8
DA:8,8
DA:9,8
DA:10,8
DA:12,8
DA:13,8
DA:14,1
DA:15,1
DA:17,1
DA:18,1
DA:19,1
DA:23,8
DA:38,2
DA:52,2
DA:62,1
DA:73,4
LF:21
LH:21
BRDA:26,0,0,8
BRDA:26,0,1,1
BRF:2
BRH:2
end_of_record
TN:
SF:src\components\registration\Register.tsx
FN:13,(anonymous_0)
FN:26,(anonymous_1)
FN:30,(anonymous_2)
FN:34,(anonymous_3)
FN:39,(anonymous_4)
FN:43,(anonymous_5)
FN:46,(anonymous_6)
FN:47,(anonymous_7)
FN:49,(anonymous_8)
FN:50,(anonymous_9)
FN:54,(anonymous_10)
FN:80,(anonymous_11)
FN:85,(anonymous_12)
FNF:13
FNH:7
FNDA:5,(anonymous_0)
FNDA:0,(anonymous_1)
FNDA:1,(anonymous_2)
FNDA:1,(anonymous_3)
FNDA:1,(anonymous_4)
FNDA:3,(anonymous_5)
FNDA:3,(anonymous_6)
FNDA:0,(anonymous_7)
FNDA:0,(anonymous_8)
FNDA:0,(anonymous_9)
FNDA:0,(anonymous_10)
FNDA:0,(anonymous_11)
FNDA:20,(anonymous_12)
DA:1,4
DA:2,4
DA:3,4
DA:4,4
DA:5,4
DA:6,4
DA:7,4
DA:8,4
DA:10,4
DA:11,4
DA:13,4
DA:14,5
DA:15,5
DA:16,5
DA:21,5
DA:22,5
DA:23,5
DA:25,5
DA:26,5
DA:27,0
DA:30,5
DA:31,1
DA:32,1
DA:34,5
DA:35,1
DA:36,1
DA:39,5
DA:40,1
DA:41,1
DA:43,5
DA:44,3
DA:47,3
DA:50,0
DA:54,5
DA:59,0
DA:60,0
DA:65,0
DA:66,0
DA:74,0
DA:75,0
DA:76,0
DA:77,0
DA:80,5
DA:81,0
DA:82,0
DA:85,5
DA:86,20
DA:89,5
DA:121,5
DA:123,5
DA:196,4
LF:51
LH:39
BRDA:81,0,0,0
BRF:1
BRH:0
end_of_record
TN:
SF:src\components\response\Response.tsx
FN:7,(anonymous_0)
FNF:1
FNH:1
FNDA:11,(anonymous_0)
DA:2,6
DA:7,6
DA:8,11
DA:14,6
LF:4
LH:4
BRF:0
BRH:0
end_of_record
TN:
SF:src\pages\main\Main.tsx
FN:17,(anonymous_0)
FN:18,(anonymous_1)
FN:21,(anonymous_2)
FN:52,(anonymous_3)
FN:66,(anonymous_4)
FN:80,(anonymous_5)
FN:101,(anonymous_6)
FN:107,(anonymous_7)
FN:115,(anonymous_8)
FN:123,(anonymous_9)
FN:130,(anonymous_10)
FN:136,(anonymous_11)
FNF:12
FNH:7
FNDA:8,(anonymous_0)
FNDA:4,(anonymous_1)
FNDA:40,(anonymous_2)
FNDA:0,(anonymous_3)
FNDA:0,(anonymous_4)
FNDA:0,(anonymous_5)
FNDA:1,(anonymous_6)
FNDA:1,(anonymous_7)
FNDA:1,(anonymous_8)
FNDA:1,(anonymous_9)
FNDA:0,(anonymous_10)
FNDA:0,(anonymous_11)
DA:1,5
DA:2,5
DA:3,5
DA:4,5
DA:5,5
DA:17,5
DA:18,8
DA:19,4
DA:21,8
DA:22,40
DA:23,40
DA:25,8
DA:28,8
DA:31,8
DA:34,8
DA:38,8
DA:41,8
DA:43,8
DA:44,8
DA:45,8
DA:46,8
DA:47,8
DA:48,8
DA:49,8
DA:50,8
DA:52,8
DA:53,0
DA:54,0
DA:55,0
DA:56,0
DA:58,0
DA:59,0
DA:61,0
DA:62,0
DA:66,8
DA:67,0
DA:68,0
DA:69,0
DA:70,0
DA:72,0
DA:73,0
DA:75,0
DA:76,0
DA:80,8
DA:81,0
DA:83,0
DA:84,0
DA:85,0
DA:88,0
DA:89,0
DA:92,0
DA:93,0
DA:96,0
DA:97,0
DA:101,8
DA:102,1
DA:103,1
DA:104,1
DA:107,8
DA:110,1
DA:111,1
DA:112,1
DA:115,8
DA:118,1
DA:119,1
DA:120,1
DA:123,8
DA:125,1
DA:126,1
DA:127,1
DA:130,8
DA:132,0
DA:133,0
DA:134,0
DA:135,0
DA:136,0
DA:137,0
DA:138,0
DA:142,0
DA:154,0
DA:155,0
DA:157,0
DA:159,0
DA:163,8
DA:270,5
LF:85
LH:47
BRDA:23,0,0,16
BRDA:23,0,1,24
BRDA:26,1,0,8
BRDA:26,1,1,1
BRDA:29,2,0,8
BRDA:29,2,1,5
BRDA:32,3,0,8
BRDA:32,3,1,7
BRDA:35,4,0,8
BRDA:35,4,1,8
BRDA:39,5,0,8
BRDA:39,5,1,3
BRDA:58,6,0,0
BRDA:61,7,0,0
BRDA:72,8,0,0
BRDA:75,9,0,0
BRDA:83,10,0,0
BRDA:83,10,1,0
BRDA:84,11,0,0
BRDA:88,12,0,0
BRDA:92,13,0,0
BRDA:96,14,0,0
BRDA:134,15,0,0
BRDA:150,16,0,0
BRDA:150,16,1,0
BRDA:204,17,0,8
BRDA:204,17,1,0
BRDA:240,18,0,0
BRDA:240,18,1,8
BRDA:251,19,0,8
BRDA:251,19,1,0
BRF:31
BRH:15
end_of_record
TN:
SF:src\pages\page_404\Page_404.tsx
FN:3,(anonymous_0)
FNF:1
FNH:1
FNDA:1,(anonymous_0)
DA:3,5
DA:4,1
DA:6,5
LF:3
LH:3
BRF:0
BRH:0
end_of_record
TN:
SF:src\pages\welcome\Welcome.tsx
FN:5,(anonymous_0)
FNF:1
FNH:1
FNDA:1,(anonymous_0)
DA:1,4
DA:2,4
DA:5,4
DA:6,1
DA:7,1
DA:94,4
LF:6
LH:6
BRF:0
BRH:0
end_of_record
TN:
SF:src\utils\consts.tsx
FNF:0
FNH:0
DA:1,4
DA:2,4
DA:3,4
DA:4,4
LF:4
LH:4
BRF:0
BRH:0
end_of_record
