TN:
SF:src\App.tsx
FN:21,(anonymous_0)
FN:29,(anonymous_1)
FNF:2
FNH:1
FNDA:2,(anonymous_0)
FNDA:0,(anonymous_1)
DA:1,4
DA:2,4
DA:3,4
DA:9,4
DA:10,4
DA:11,4
DA:12,4
DA:13,4
DA:14,4
DA:15,4
DA:16,4
DA:17,4
DA:18,4
DA:19,4
DA:21,4
DA:22,2
DA:24,2
DA:25,2
DA:26,2
DA:29,0
DA:30,0
DA:44,0
DA:57,4
LF:23
LH:20
BRDA:25,0,0,2
BRDA:34,1,0,0
BRDA:34,1,1,0
BRDA:47,2,0,0
BRDA:47,2,1,0
BRF:5
BRH:1
end_of_record
TN:
SF:src\main.tsx
FN:49,(anonymous_0)
FNF:1
FNH:0
FNDA:0,(anonymous_0)
DA:1,4
DA:2,4
DA:3,4
DA:4,4
DA:5,4
DA:7,4
DA:13,4
DA:22,4
DA:23,4
DA:24,4
DA:25,4
DA:45,4
DA:46,4
DA:47,4
DA:48,4
DA:49,4
DA:50,0
DA:51,0
DA:52,0
DA:53,0
DA:54,0
DA:55,0
DA:56,0
DA:64,0
DA:65,0
DA:66,0
DA:69,4
DA:70,4
DA:72,4
DA:74,4
DA:75,4
LF:31
LH:21
BRDA:55,0,0,0
BRDA:72,1,0,4
BRDA:72,1,1,4
BRF:3
BRH:2
end_of_record
TN:
SF:src\components\documentation\Documentation.tsx
FN:8,(anonymous_0)
FN:13,(anonymous_1)
FN:16,(anonymous_2)
FN:60,(anonymous_3)
FNF:4
FNH:3
FNDA:6,(anonymous_0)
FNDA:2,(anonymous_1)
FNDA:2,(anonymous_2)
FNDA:0,(anonymous_3)
DA:1,6
DA:2,6
DA:8,6
DA:9,6
DA:10,6
DA:11,6
DA:13,6
DA:14,2
DA:15,2
DA:16,2
DA:17,2
DA:18,2
DA:36,1
DA:37,1
DA:40,0
DA:41,0
DA:42,0
DA:44,2
DA:45,2
DA:47,2
DA:50,2
DA:54,6
DA:61,0
DA:66,6
LF:24
LH:20
BRDA:15,0,0,2
BRDA:36,1,0,1
BRDA:56,2,0,6
BRDA:56,2,1,2
BRDA:57,3,0,6
BRDA:57,3,1,4
BRDA:57,3,2,2
BRDA:58,4,0,6
BRDA:58,4,1,4
BRDA:58,4,2,2
BRF:10
BRH:10
end_of_record
TN:
SF:src\components\footer\Footer.tsx
FN:4,(anonymous_0)
FNF:1
FNH:1
FNDA:2,(anonymous_0)
DA:2,5
DA:4,5
DA:5,2
DA:45,5
LF:4
LH:4
BRF:0
BRH:0
end_of_record
TN:
SF:src\components\header\Header.tsx
FN:16,(anonymous_0)
FN:22,(anonymous_1)
FN:53,(anonymous_2)
FNF:3
FNH:2
FNDA:5,(anonymous_0)
FNDA:3,(anonymous_1)
FNDA:0,(anonymous_2)
DA:1,4
DA:2,4
DA:3,4
DA:9,4
DA:11,4
DA:12,4
DA:13,4
DA:14,4
DA:16,4
DA:17,5
DA:18,4
DA:19,4
DA:21,4
DA:22,4
DA:23,3
DA:24,3
DA:26,0
DA:28,4
DA:53,0
DA:84,4
LF:20
LH:18
BRDA:23,0,0,3
BRDA:26,1,0,0
BRDA:45,2,0,0
BRDA:45,2,1,4
BRF:4
BRH:2
end_of_record
TN:
SF:src\components\loader\Loader.tsx
FN:4,(anonymous_0)
FNF:1
FNH:1
FNDA:3,(anonymous_0)
DA:2,5
DA:4,5
DA:5,3
DA:11,5
LF:4
LH:4
BRF:0
BRH:0
end_of_record
TN:
SF:src\components\localization\Languages.tsx
FN:7,(anonymous_0)
FN:10,(anonymous_1)
FN:13,(anonymous_2)
FN:28,(anonymous_3)
FN:34,(anonymous_4)
FNF:5
FNH:2
FNDA:9,(anonymous_0)
FNDA:2,(anonymous_1)
FNDA:0,(anonymous_2)
FNDA:0,(anonymous_3)
FNDA:0,(anonymous_4)
DA:1,5
DA:2,5
DA:3,5
DA:7,5
DA:8,9
DA:9,9
DA:10,9
DA:11,2
DA:13,9
DA:14,0
DA:15,0
DA:18,9
DA:28,0
DA:34,0
DA:45,5
LF:15
LH:11
BRDA:23,0,0,9
BRDA:23,0,1,1
BRF:2
BRH:2
end_of_record
TN:
SF:src\components\login\Login.tsx
FN:7,(anonymous_0)
FN:14,(anonymous_1)
FN:39,(anonymous_2)
FN:53,(anonymous_3)
FN:63,(anonymous_4)
FNF:5
FNH:5
FNDA:9,(anonymous_0)
FNDA:1,(anonymous_1)
FNDA:2,(anonymous_2)
FNDA:2,(anonymous_3)
FNDA:1,(anonymous_4)
DA:1,4
DA:2,4
DA:3,4
DA:4,4
DA:5,4
DA:7,4
DA:8,9
DA:9,9
DA:10,9
DA:11,9
DA:13,9
DA:14,9
DA:15,1
DA:16,1
DA:18,1
DA:19,1
DA:20,1
DA:24,9
DA:39,2
DA:53,2
DA:63,1
DA:74,4
LF:22
LH:22
BRDA:27,0,0,9
BRDA:27,0,1,1
BRF:2
BRH:2
end_of_record
TN:
SF:src\components\registration\Register.tsx
FN:14,(anonymous_0)
FN:27,(anonymous_1)
FN:31,(anonymous_2)
FN:35,(anonymous_3)
FN:40,(anonymous_4)
FN:44,(anonymous_5)
FN:47,(anonymous_6)
FN:48,(anonymous_7)
FN:50,(anonymous_8)
FN:51,(anonymous_9)
FN:55,(anonymous_10)
FN:81,(anonymous_11)
FN:86,(anonymous_12)
FNF:13
FNH:8
FNDA:7,(anonymous_0)
FNDA:0,(anonymous_1)
FNDA:1,(anonymous_2)
FNDA:1,(anonymous_3)
FNDA:1,(anonymous_4)
FNDA:3,(anonymous_5)
FNDA:3,(anonymous_6)
FNDA:3,(anonymous_7)
FNDA:0,(anonymous_8)
FNDA:0,(anonymous_9)
FNDA:0,(anonymous_10)
FNDA:0,(anonymous_11)
FNDA:28,(anonymous_12)
DA:1,4
DA:2,4
DA:3,4
DA:4,4
DA:5,4
DA:6,4
DA:7,4
DA:9,4
DA:10,4
DA:11,4
DA:12,4
DA:14,4
DA:15,7
DA:16,7
DA:17,7
DA:22,7
DA:23,7
DA:24,7
DA:26,7
DA:27,7
DA:28,0
DA:31,7
DA:32,1
DA:33,1
DA:35,7
DA:36,1
DA:37,1
DA:40,7
DA:41,1
DA:42,1
DA:44,7
DA:45,3
DA:48,3
DA:51,0
DA:55,7
DA:60,0
DA:61,0
DA:66,0
DA:67,0
DA:75,0
DA:76,0
DA:77,0
DA:78,0
DA:81,7
DA:82,0
DA:83,0
DA:86,7
DA:87,28
DA:90,7
DA:122,7
DA:124,7
DA:197,4
LF:52
LH:40
BRDA:82,0,0,0
BRF:1
BRH:0
end_of_record
TN:
SF:src\components\response\Response.tsx
FN:10,(anonymous_0)
FNF:1
FNH:1
FNDA:12,(anonymous_0)
DA:2,6
DA:10,6
DA:15,12
DA:27,6
LF:4
LH:4
BRDA:17,0,0,12
BRDA:17,0,1,0
BRDA:18,1,0,12
BRDA:18,1,1,12
BRDA:18,1,2,0
BRDA:21,2,0,12
BRDA:21,2,1,12
BRDA:21,2,2,12
BRF:8
BRH:6
end_of_record
TN:
SF:src\context\LanguageProvider.tsx
FN:7,(anonymous_0)
FN:18,(anonymous_1)
FN:24,(anonymous_2)
FNF:3
FNH:2
FNDA:40,(anonymous_0)
FNDA:2,(anonymous_1)
FNDA:0,(anonymous_2)
DA:1,7
DA:3,7
DA:4,7
DA:7,7
DA:8,40
DA:9,40
DA:10,0
DA:12,40
DA:14,7
DA:18,7
DA:19,2
DA:20,2
DA:24,2
DA:25,0
DA:28,2
DA:36,7
LF:16
LH:14
BRDA:9,0,0,0
BRF:1
BRH:0
end_of_record
TN:
SF:src\firebase\firebase.ts
FNF:0
FNH:0
DA:1,4
LF:1
LH:1
BRF:0
BRH:0
end_of_record
TN:
SF:src\pages\main\Main.tsx
FN:25,(anonymous_0)
FN:28,(anonymous_1)
FN:31,(anonymous_2)
FN:66,(anonymous_3)
FN:80,(anonymous_4)
FN:94,(anonymous_5)
FN:115,(anonymous_6)
FN:122,(anonymous_7)
FN:131,(anonymous_8)
FN:140,(anonymous_9)
FN:147,(anonymous_10)
FN:153,(anonymous_11)
FN:184,(anonymous_12)
FNF:13
FNH:7
FNDA:9,(anonymous_0)
FNDA:4,(anonymous_1)
FNDA:45,(anonymous_2)
FNDA:0,(anonymous_3)
FNDA:0,(anonymous_4)
FNDA:0,(anonymous_5)
FNDA:1,(anonymous_6)
FNDA:1,(anonymous_7)
FNDA:1,(anonymous_8)
FNDA:1,(anonymous_9)
FNDA:0,(anonymous_10)
FNDA:0,(anonymous_11)
FNDA:0,(anonymous_12)
DA:1,5
DA:2,5
DA:3,5
DA:4,5
DA:5,5
DA:7,5
DA:8,5
DA:9,5
DA:10,5
DA:11,5
DA:12,5
DA:13,5
DA:25,5
DA:26,9
DA:27,9
DA:28,9
DA:29,4
DA:31,9
DA:32,45
DA:33,45
DA:35,9
DA:36,9
DA:39,9
DA:42,9
DA:45,9
DA:49,9
DA:52,9
DA:54,9
DA:56,9
DA:57,9
DA:58,9
DA:59,9
DA:61,9
DA:62,9
DA:63,9
DA:64,9
DA:66,9
DA:67,0
DA:68,0
DA:69,0
DA:70,0
DA:72,0
DA:73,0
DA:75,0
DA:76,0
DA:80,9
DA:81,0
DA:82,0
DA:83,0
DA:84,0
DA:86,0
DA:87,0
DA:89,0
DA:90,0
DA:94,9
DA:95,0
DA:97,0
DA:98,0
DA:99,0
DA:102,0
DA:103,0
DA:106,0
DA:107,0
DA:110,0
DA:111,0
DA:115,9
DA:116,1
DA:117,1
DA:118,1
DA:119,1
DA:122,9
DA:125,1
DA:126,1
DA:127,1
DA:128,1
DA:131,9
DA:134,1
DA:135,1
DA:136,1
DA:137,1
DA:140,9
DA:141,1
DA:142,1
DA:143,1
DA:144,1
DA:147,9
DA:148,0
DA:149,0
DA:150,0
DA:151,0
DA:152,0
DA:153,0
DA:154,0
DA:155,0
DA:159,0
DA:171,0
DA:172,0
DA:173,0
DA:174,0
DA:176,0
DA:177,0
DA:178,0
DA:180,0
DA:184,9
DA:185,0
DA:187,0
DA:190,9
DA:311,5
LF:108
LH:63
BRDA:33,0,0,16
BRDA:33,0,1,29
BRDA:37,1,0,9
BRDA:37,1,1,2
BRDA:40,2,0,9
BRDA:40,2,1,6
BRDA:43,3,0,9
BRDA:43,3,1,8
BRDA:46,4,0,9
BRDA:46,4,1,9
BRDA:50,5,0,9
BRDA:50,5,1,4
BRDA:72,6,0,0
BRDA:75,7,0,0
BRDA:86,8,0,0
BRDA:89,9,0,0
BRDA:97,10,0,0
BRDA:97,10,1,0
BRDA:98,11,0,0
BRDA:102,12,0,0
BRDA:106,13,0,0
BRDA:110,14,0,0
BRDA:151,15,0,0
BRDA:167,16,0,0
BRDA:167,16,1,0
BRDA:237,17,0,9
BRDA:237,17,1,0
BRDA:275,18,0,0
BRDA:275,18,1,9
BRDA:287,19,0,9
BRDA:287,19,1,0
BRF:31
BRH:15
end_of_record
TN:
SF:src\pages\page_404\Page_404.tsx
FN:3,(anonymous_0)
FNF:1
FNH:1
FNDA:1,(anonymous_0)
DA:3,5
DA:4,1
DA:6,5
LF:3
LH:3
BRF:0
BRH:0
end_of_record
TN:
SF:src\pages\welcome\Welcome.tsx
FN:6,(anonymous_0)
FNF:1
FNH:1
FNDA:2,(anonymous_0)
DA:2,5
DA:3,5
DA:6,5
DA:7,2
DA:8,2
DA:95,5
LF:6
LH:6
BRF:0
BRH:0
end_of_record
TN:
SF:src\redux\endpointSlice.ts
FN:16,(anonymous_0)
FNF:1
FNH:1
FNDA:1,(anonymous_0)
DA:1,5
DA:8,5
DA:12,5
DA:17,1
DA:22,5
DA:23,5
LF:6
LH:6
BRF:0
BRH:0
end_of_record
TN:
SF:src\redux\headersSlice.ts
FN:16,(anonymous_0)
FNF:1
FNH:1
FNDA:1,(anonymous_0)
DA:1,5
DA:8,5
DA:12,5
DA:17,1
DA:22,5
DA:23,5
LF:6
LH:6
BRF:0
BRH:0
end_of_record
TN:
SF:src\redux\querySlice.ts
FN:16,(anonymous_0)
FNF:1
FNH:1
FNDA:1,(anonymous_0)
DA:1,5
DA:8,5
DA:12,5
DA:17,1
DA:22,5
DA:23,5
LF:6
LH:6
BRF:0
BRH:0
end_of_record
TN:
SF:src\redux\responseSlice.ts
FN:16,(anonymous_0)
FNF:1
FNH:0
FNDA:0,(anonymous_0)
DA:1,5
DA:8,5
DA:12,5
DA:17,0
DA:22,5
DA:23,5
LF:6
LH:5
BRF:0
BRH:0
end_of_record
TN:
SF:src\redux\store.ts
FNF:0
FNH:0
DA:1,5
DA:2,5
DA:3,5
DA:4,5
DA:5,5
DA:6,5
DA:8,5
LF:7
LH:7
BRF:0
BRH:0
end_of_record
TN:
SF:src\redux\variablesSlice.ts
FN:16,(anonymous_0)
FNF:1
FNH:1
FNDA:1,(anonymous_0)
DA:1,5
DA:8,5
DA:12,5
DA:17,1
DA:22,5
DA:23,5
LF:6
LH:6
BRF:0
BRH:0
end_of_record
TN:
SF:src\utils\consts.tsx
FNF:0
FNH:0
DA:1,4
DA:2,4
DA:3,4
DA:4,4
LF:4
LH:4
BRF:0
BRH:0
end_of_record
